This file contains any messages produced by compilers while
running configure, to aid debugging if configure makes a mistake.

It was created by Conformal Map Transforms - ellipsoidal configure 3.1, which was
generated by GNU Autoconf 2.60.  Invocation command line was

  $ ./configure CC=/mnt/c/Users/chris/Linux/emsdk_portable/emscripten/master/emcc CFLAGS=-Wall -fsigned-char ARFLAGS=

## --------- ##
## Platform. ##
## --------- ##

hostname = DESKTOP-82OQ9VH
uname -m = x86_64
uname -r = 3.4.0+
uname -s = Linux
uname -v = #1 PREEMPT Thu Aug 1 17:06:05 CST 2013

/usr/bin/uname -p = unknown
/bin/uname -X     = unknown

/bin/arch              = unknown
/usr/bin/arch -k       = unknown
/usr/convex/getsysinfo = unknown
/usr/bin/hostinfo      = unknown
/bin/machine           = unknown
/usr/bin/oslevel       = unknown
/bin/universe          = unknown

PATH: /mnt/c/Users/chris/Linux/emsdk_portable/emscripten/master/system/bin
PATH: /mnt/c/Users/chris/Linux/emsdk_portable
PATH: /mnt/c/Users/chris/Linux/emsdk_portable/clang/fastcomp/build_master_64/bin
PATH: /mnt/c/Users/chris/Linux/emsdk_portable/node/4.1.1_64bit/bin
PATH: /mnt/c/Users/chris/Linux/emsdk_portable/emscripten/master
PATH: /usr/local/bin
PATH: /usr/bin
PATH: /bin
PATH: /usr/local/games
PATH: /usr/games


## ----------- ##
## Core tests. ##
## ----------- ##

configure:1714: checking for gcc
configure:1741: result: /mnt/c/Users/chris/Linux/emsdk_portable/emscripten/master/emcc
configure:1979: checking for C compiler version
configure:1986: /mnt/c/Users/chris/Linux/emsdk_portable/emscripten/master/emcc --version >&5
emcc (Emscripten gcc/clang-like replacement) 1.37.0 (commit 6dc4ac5f9e4d8484e273e4dcc554f809738cedd6)
Copyright (C) 2014 the Emscripten authors (see AUTHORS.txt)
This is free and open source software under the MIT license.
There is NO warranty; not even for MERCHANTABILITY or FITNESS FOR A PARTICULAR PURPOSE.
  
configure:1989: $? = 0
configure:1996: /mnt/c/Users/chris/Linux/emsdk_portable/emscripten/master/emcc -v >&5
clang version 3.9.0 (https://github.com/kripken/emscripten-fastcomp-clang/ 60a7e9a9c22b67309e5b1258d38fadfa481a25d3) (https://github.com/kripken/emscripten-fastcomp/ 881bd352731d21c7117ad7e2ece347aacae83965) (emscripten 1.37.0 : 1.37.0)
Target: x86_64-unknown-linux-gnu
Thread model: posix
InstalledDir: /mnt/c/Users/chris/Linux/emsdk_portable/clang/fastcomp/build_master_64/bin
Found candidate GCC installation: /usr/lib/gcc/x86_64-linux-gnu/4.8
Found candidate GCC installation: /usr/lib/gcc/x86_64-linux-gnu/4.8.4
Found candidate GCC installation: /usr/lib/gcc/x86_64-linux-gnu/4.9
Found candidate GCC installation: /usr/lib/gcc/x86_64-linux-gnu/4.9.3
Selected GCC installation: /usr/lib/gcc/x86_64-linux-gnu/4.8
Candidate multilib: .;@m64
Selected multilib: .;@m64
INFO:root:(Emscripten: Running sanity checks)
WARNING:root:java does not seem to exist, required for closure compiler, which is optional (define JAVA in /home/czenzel/.emscripten if you want it)
WARNING:root:closure compiler will not be available
emcc (Emscripten gcc/clang-like replacement + linker emulating GNU ld) 1.37.0
configure:1999: $? = 0
configure:2006: /mnt/c/Users/chris/Linux/emsdk_portable/emscripten/master/emcc -V >&5
ERROR:root:no input files
note that input files without a known suffix are ignored, make sure your input files end with one of: ('.c', '.C', '.i', '.cpp', '.cxx', '.cc', '.c++', '.CPP', '.CXX', '.CC', '.C++', '.ii', '.m', '.mi', '.mm', '.mii', '/dev/null', '.bc', '.o', '.obj', '.lo', '.dylib', '.so', '.a', '.ll', '.h', '.hxx', '.hpp', '.hh', '.H', '.HXX', '.HPP', '.HH')
configure:2009: $? = 1
configure:2032: checking for C compiler default output file name
configure:2059: /mnt/c/Users/chris/Linux/emsdk_portable/emscripten/master/emcc -Wall -fsigned-char   conftest.c  >&5
configure:2062: $? = 0
configure:2108: result: a.out
configure:2113: checking whether the C compiler works
configure:2123: ./a.out
configure:2126: $? = 0
configure:2143: result: yes
configure:2150: checking whether we are cross compiling
configure:2152: result: no
configure:2155: checking for suffix of executables
configure:2162: /mnt/c/Users/chris/Linux/emsdk_portable/emscripten/master/emcc -o conftest -Wall -fsigned-char   conftest.c  >&5
configure:2165: $? = 0
configure:2189: result: 
configure:2195: checking for suffix of object files
configure:2221: /mnt/c/Users/chris/Linux/emsdk_portable/emscripten/master/emcc -c -Wall -fsigned-char  conftest.c >&5
configure:2224: $? = 0
configure:2247: result: o
configure:2251: checking whether we are using the GNU C compiler
configure:2280: /mnt/c/Users/chris/Linux/emsdk_portable/emscripten/master/emcc -c -Wall -fsigned-char  conftest.c >&5
configure:2286: $? = 0
configure:2293: test -z "$ac_c_werror_flag" || test ! -s conftest.err
configure:2296: $? = 0
configure:2303: test -s conftest.o
configure:2306: $? = 0
configure:2320: result: yes
configure:2325: checking whether /mnt/c/Users/chris/Linux/emsdk_portable/emscripten/master/emcc accepts -g
configure:2355: /mnt/c/Users/chris/Linux/emsdk_portable/emscripten/master/emcc -c -g  conftest.c >&5
configure:2361: $? = 0
configure:2368: test -z "$ac_c_werror_flag" || test ! -s conftest.err
configure:2371: $? = 0
configure:2378: test -s conftest.o
configure:2381: $? = 0
configure:2511: result: yes
configure:2528: checking for /mnt/c/Users/chris/Linux/emsdk_portable/emscripten/master/emcc option to accept ISO C89
configure:2602: /mnt/c/Users/chris/Linux/emsdk_portable/emscripten/master/emcc  -c -Wall -fsigned-char  conftest.c >&5
configure:2608: $? = 0
configure:2615: test -z "$ac_c_werror_flag" || test ! -s conftest.err
configure:2618: $? = 0
configure:2625: test -s conftest.o
configure:2628: $? = 0
configure:2648: result: none needed
configure:2710: checking for a BSD-compatible install
configure:2766: result: /usr/bin/install -c
configure:2820: checking for ranlib
configure:2847: result: /mnt/c/Users/chris/Linux/emsdk_portable/emscripten/master/emranlib
configure:4101: checking for ar
configure:4129: result: /mnt/c/Users/chris/Linux/emsdk_portable/emscripten/master/emar
configure:4142: checking for strcasecmp
configure:4206: /mnt/c/Users/chris/Linux/emsdk_portable/emscripten/master/emcc -o conftest -Wall -fsigned-char   conftest.c  >&5
conftest.c:31:6: warning: incompatible redeclaration of library function 'strcasecmp' [-Wincompatible-library-redeclaration]
char strcasecmp ();
     ^
conftest.c:31:6: note: 'strcasecmp' is a builtin with type 'int (const char *, const char *)'
1 warning generated.
[0;33mwarning:[0m unexpected number of arguments 0 in call to 'strcasecmp', should be 2
configure:4212: $? = 0
configure:4219: test -z "$ac_c_werror_flag" || test ! -s conftest.err
configure:4222: $? = 0
configure:4229: test -s conftest
configure:4232: $? = 0
configure:4246: result: yes
configure:4382: creating ./config.status

## ---------------------- ##
## Running config.status. ##
## ---------------------- ##

This file was extended by Conformal Map Transforms - ellipsoidal config.status 3.1, which was
generated by GNU Autoconf 2.60.  Invocation command line was

  CONFIG_FILES    = 
  CONFIG_HEADERS  = 
  CONFIG_LINKS    = 
  CONFIG_COMMANDS = 
  $ ./config.status 

on DESKTOP-82OQ9VH

config.status:587: creating Makefile
config.status:587: creating cmapf.h

## ---------------- ##
## Cache variables. ##
## ---------------- ##

ac_cv_c_compiler_gnu=yes
ac_cv_env_ARFLAGS_set=set
ac_cv_env_ARFLAGS_value=
ac_cv_env_CC_set=set
ac_cv_env_CC_value=/mnt/c/Users/chris/Linux/emsdk_portable/emscripten/master/emcc
ac_cv_env_CFLAGS_set=set
ac_cv_env_CFLAGS_value='-Wall -fsigned-char'
ac_cv_env_CPPFLAGS_set=
ac_cv_env_CPPFLAGS_value=
ac_cv_env_F77_set=
ac_cv_env_F77_value=
ac_cv_env_FFLAGS_set=
ac_cv_env_FFLAGS_value=
ac_cv_env_LDFLAGS_set=
ac_cv_env_LDFLAGS_value=
ac_cv_env_build_alias_set=
ac_cv_env_build_alias_value=
ac_cv_env_host_alias_set=
ac_cv_env_host_alias_value=
ac_cv_env_target_alias_set=
ac_cv_env_target_alias_value=
ac_cv_func_strcasecmp=yes
ac_cv_objext=o
ac_cv_path_install='/usr/bin/install -c'
ac_cv_prog_AR=/mnt/c/Users/chris/Linux/emsdk_portable/emscripten/master/emar
ac_cv_prog_ac_ct_CC=/mnt/c/Users/chris/Linux/emsdk_portable/emscripten/master/emcc
ac_cv_prog_ac_ct_RANLIB=/mnt/c/Users/chris/Linux/emsdk_portable/emscripten/master/emranlib
ac_cv_prog_cc_c89=
ac_cv_prog_cc_g=yes

## ----------------- ##
## Output variables. ##
## ----------------- ##

AR='/mnt/c/Users/chris/Linux/emsdk_portable/emscripten/master/emar'
ARFLAGS=''
CC='/mnt/c/Users/chris/Linux/emsdk_portable/emscripten/master/emcc'
CFLAGS='-Wall -fsigned-char'
CPPFLAGS=''
DEFS='-DHAVE_CONFIG_H'
ECHO_C=''
ECHO_N='-n'
ECHO_T=''
EXEEXT=''
F77=''
FFLAGS=''
FLIBS=''
FWRAPNAME=''
INSTALL_DATA='${INSTALL} -m 644'
INSTALL_PROGRAM='${INSTALL}'
INSTALL_SCRIPT='${INSTALL}'
LDFLAGS=''
LIBOBJS=''
LIBS=''
LTLIBOBJS=''
OBJEXT='o'
PACKAGE_BUGREPORT='albion.taylor@noaa.gov'
PACKAGE_NAME='Conformal Map Transforms - ellipsoidal'
PACKAGE_STRING='Conformal Map Transforms - ellipsoidal 3.1'
PACKAGE_TARNAME='conformal-map-transforms---ellipsoidal'
PACKAGE_VERSION='3.1'
PATH_SEPARATOR=':'
RANLIB='/mnt/c/Users/chris/Linux/emsdk_portable/emscripten/master/emranlib'
SHELL='/bin/bash'
ac_ct_CC='/mnt/c/Users/chris/Linux/emsdk_portable/emscripten/master/emcc'
ac_ct_F77=''
bindir='${exec_prefix}/bin'
build_alias=''
datadir='${datarootdir}'
datarootdir='${prefix}/share'
docdir='${datarootdir}/doc/${PACKAGE_TARNAME}'
dvidir='${docdir}'
exec_prefix='${prefix}'
host_alias=''
htmldir='${docdir}'
includedir='${prefix}/include'
infodir='${datarootdir}/info'
libdir='${exec_prefix}/lib'
libexecdir='${exec_prefix}/libexec'
localedir='${datarootdir}/locale'
localstatedir='${prefix}/var'
mandir='${datarootdir}/man'
oldincludedir='/usr/include'
pdfdir='${docdir}'
prefix='/usr/local'
program_transform_name='s,x,x,'
psdir='${docdir}'
sbindir='${exec_prefix}/sbin'
sharedstatedir='${prefix}/com'
sysconfdir='${prefix}/etc'
target_alias=''

## ----------- ##
## confdefs.h. ##
## ----------- ##

#define PACKAGE_NAME "Conformal Map Transforms - ellipsoidal"
#define PACKAGE_TARNAME "conformal-map-transforms---ellipsoidal"
#define PACKAGE_VERSION "3.1"
#define PACKAGE_STRING "Conformal Map Transforms - ellipsoidal 3.1"
#define PACKAGE_BUGREPORT "albion.taylor@noaa.gov"
#define HAVE_STRCASECMP 1

configure: exit 0
