This file contains any messages produced by compilers while
running configure, to aid debugging if configure makes a mistake.

It was created by jasper configure 1.700.5, which was
generated by GNU Autoconf 2.69.  Invocation command line was

  $ ./configure CC=/mnt/c/Users/chris/Linux/emsdk_portable/emscripten/master/emcc CFLAGS=-Wall -fsigned-char --no-create --no-recursion

## --------- ##
## Platform. ##
## --------- ##

hostname = DESKTOP-82OQ9VH
uname -m = x86_64
uname -r = 3.4.0+
uname -s = Linux
uname -v = #1 PREEMPT Thu Aug 1 17:06:05 CST 2013

/usr/bin/uname -p = unknown
/bin/uname -X     = unknown

/bin/arch              = unknown
/usr/bin/arch -k       = unknown
/usr/convex/getsysinfo = unknown
/usr/bin/hostinfo      = unknown
/bin/machine           = unknown
/usr/bin/oslevel       = unknown
/bin/universe          = unknown

PATH: /mnt/c/Users/chris/Linux/emsdk_portable/emscripten/master/system/bin
PATH: /mnt/c/Users/chris/Linux/emsdk_portable
PATH: /mnt/c/Users/chris/Linux/emsdk_portable/clang/fastcomp/build_master_64/bin
PATH: /mnt/c/Users/chris/Linux/emsdk_portable/node/4.1.1_64bit/bin
PATH: /mnt/c/Users/chris/Linux/emsdk_portable/emscripten/master
PATH: /usr/local/bin
PATH: /usr/bin
PATH: /bin
PATH: /usr/local/games
PATH: /usr/games


## ----------- ##
## Core tests. ##
## ----------- ##

configure:2625: checking build system type
configure:2639: result: x86_64-unknown-linux-gnu
configure:2659: checking host system type
configure:2672: result: x86_64-unknown-linux-gnu
configure:2692: checking target system type
configure:2705: result: x86_64-unknown-linux-gnu
configure:2748: checking for a BSD-compatible install
configure:2816: result: /usr/bin/install -c
configure:2827: checking whether build environment is sane
configure:2864: result: yes
configure:2894: checking for gawk
configure:2910: found /usr/bin/gawk
configure:2921: result: gawk
configure:2932: checking whether make sets $(MAKE)
configure:2954: result: yes
configure:3163: checking for gawk
configure:3190: result: gawk
configure:3249: checking for gcc
configure:3276: result: /mnt/c/Users/chris/Linux/emsdk_portable/emscripten/master/emcc
configure:3505: checking for C compiler version
configure:3514: /mnt/c/Users/chris/Linux/emsdk_portable/emscripten/master/emcc --version >&5
emcc (Emscripten gcc/clang-like replacement) 1.37.0 (commit 6dc4ac5f9e4d8484e273e4dcc554f809738cedd6)
Copyright (C) 2014 the Emscripten authors (see AUTHORS.txt)
This is free and open source software under the MIT license.
There is NO warranty; not even for MERCHANTABILITY or FITNESS FOR A PARTICULAR PURPOSE.
  
configure:3525: $? = 0
configure:3514: /mnt/c/Users/chris/Linux/emsdk_portable/emscripten/master/emcc -v >&5
emcc (Emscripten gcc/clang-like replacement + linker emulating GNU ld) 1.37.0
clang version 3.9.0 (https://github.com/kripken/emscripten-fastcomp-clang/ 60a7e9a9c22b67309e5b1258d38fadfa481a25d3) (https://github.com/kripken/emscripten-fastcomp/ 881bd352731d21c7117ad7e2ece347aacae83965) (emscripten 1.37.0 : 1.37.0)
Target: x86_64-unknown-linux-gnu
Thread model: posix
InstalledDir: /mnt/c/Users/chris/Linux/emsdk_portable/clang/fastcomp/build_master_64/bin
Found candidate GCC installation: /usr/lib/gcc/x86_64-linux-gnu/4.8
Found candidate GCC installation: /usr/lib/gcc/x86_64-linux-gnu/4.8.4
Found candidate GCC installation: /usr/lib/gcc/x86_64-linux-gnu/4.9
Found candidate GCC installation: /usr/lib/gcc/x86_64-linux-gnu/4.9.3
Selected GCC installation: /usr/lib/gcc/x86_64-linux-gnu/4.8
Candidate multilib: .;@m64
... rest of stderr output deleted ...
configure:3525: $? = 0
configure:3514: /mnt/c/Users/chris/Linux/emsdk_portable/emscripten/master/emcc -V >&5
ERROR:root:no input files
note that input files without a known suffix are ignored, make sure your input files end with one of: ('.c', '.C', '.i', '.cpp', '.cxx', '.cc', '.c++', '.CPP', '.CXX', '.CC', '.C++', '.ii', '.m', '.mi', '.mm', '.mii', '/dev/null', '.bc', '.o', '.obj', '.lo', '.dylib', '.so', '.a', '.ll', '.h', '.hxx', '.hpp', '.hh', '.H', '.HXX', '.HPP', '.HH')
configure:3525: $? = 1
configure:3514: /mnt/c/Users/chris/Linux/emsdk_portable/emscripten/master/emcc -qversion >&5
ERROR:root:no input files
note that input files without a known suffix are ignored, make sure your input files end with one of: ('.c', '.C', '.i', '.cpp', '.cxx', '.cc', '.c++', '.CPP', '.CXX', '.CC', '.C++', '.ii', '.m', '.mi', '.mm', '.mii', '/dev/null', '.bc', '.o', '.obj', '.lo', '.dylib', '.so', '.a', '.ll', '.h', '.hxx', '.hpp', '.hh', '.H', '.HXX', '.HPP', '.HH')
configure:3525: $? = 1
configure:3545: checking whether the C compiler works
configure:3567: /mnt/c/Users/chris/Linux/emsdk_portable/emscripten/master/emcc -Wall -fsigned-char   conftest.c  >&5
configure:3571: $? = 0
configure:3619: result: yes
configure:3622: checking for C compiler default output file name
configure:3624: result: a.out
configure:3630: checking for suffix of executables
configure:3637: /mnt/c/Users/chris/Linux/emsdk_portable/emscripten/master/emcc -o conftest -Wall -fsigned-char   conftest.c  >&5
configure:3641: $? = 0
configure:3663: result: 
configure:3685: checking whether we are cross compiling
configure:3693: /mnt/c/Users/chris/Linux/emsdk_portable/emscripten/master/emcc -o conftest -Wall -fsigned-char   conftest.c  >&5
configure:3697: $? = 0
configure:3704: ./conftest
configure:3708: $? = 0
configure:3723: result: no
configure:3728: checking for suffix of object files
configure:3750: /mnt/c/Users/chris/Linux/emsdk_portable/emscripten/master/emcc -c -Wall -fsigned-char  conftest.c >&5
configure:3754: $? = 0
configure:3775: result: o
configure:3779: checking whether we are using the GNU C compiler
configure:3798: /mnt/c/Users/chris/Linux/emsdk_portable/emscripten/master/emcc -c -Wall -fsigned-char  conftest.c >&5
configure:3798: $? = 0
configure:3807: result: yes
configure:3816: checking whether /mnt/c/Users/chris/Linux/emsdk_portable/emscripten/master/emcc accepts -g
configure:3836: /mnt/c/Users/chris/Linux/emsdk_portable/emscripten/master/emcc -c -g  conftest.c >&5
configure:3836: $? = 0
configure:3877: result: yes
configure:3894: checking for /mnt/c/Users/chris/Linux/emsdk_portable/emscripten/master/emcc option to accept ISO C89
configure:3957: /mnt/c/Users/chris/Linux/emsdk_portable/emscripten/master/emcc  -c -Wall -fsigned-char  conftest.c >&5
configure:3957: $? = 0
configure:3970: result: none needed
configure:4009: checking for style of include used by make
configure:4037: result: GNU
configure:4065: checking dependency style of /mnt/c/Users/chris/Linux/emsdk_portable/emscripten/master/emcc
configure:4127: result: gcc3
configure:4137: checking how to run the C preprocessor
configure:4168: /mnt/c/Users/chris/Linux/emsdk_portable/emscripten/master/emcc -E  conftest.c
configure:4168: $? = 0
configure:4182: /mnt/c/Users/chris/Linux/emsdk_portable/emscripten/master/emcc -E  conftest.c
conftest.c:13:10: fatal error: 'ac_nonexistent.h' file not found
#include <ac_nonexistent.h>
         ^
1 error generated.
configure:4182: $? = 1
configure: failed program was:
| /* confdefs.h */
| #define PACKAGE_NAME "jasper"
| #define PACKAGE_TARNAME "jasper"
| #define PACKAGE_VERSION "1.700.5"
| #define PACKAGE_STRING "jasper 1.700.5"
| #define PACKAGE_BUGREPORT ""
| #define PACKAGE_URL ""
| #define PACKAGE "jasper"
| #define VERSION "1.700.5"
| #define JAS_VERSION "1.700.5"
| #define JAS_CONFIGURE 1
| /* end confdefs.h.  */
| #include <ac_nonexistent.h>
configure:4207: result: /mnt/c/Users/chris/Linux/emsdk_portable/emscripten/master/emcc -E
configure:4227: /mnt/c/Users/chris/Linux/emsdk_portable/emscripten/master/emcc -E  conftest.c
configure:4227: $? = 0
configure:4241: /mnt/c/Users/chris/Linux/emsdk_portable/emscripten/master/emcc -E  conftest.c
conftest.c:13:10: fatal error: 'ac_nonexistent.h' file not found
#include <ac_nonexistent.h>
         ^
1 error generated.
configure:4241: $? = 1
configure: failed program was:
| /* confdefs.h */
| #define PACKAGE_NAME "jasper"
| #define PACKAGE_TARNAME "jasper"
| #define PACKAGE_VERSION "1.700.5"
| #define PACKAGE_STRING "jasper 1.700.5"
| #define PACKAGE_BUGREPORT ""
| #define PACKAGE_URL ""
| #define PACKAGE "jasper"
| #define VERSION "1.700.5"
| #define JAS_VERSION "1.700.5"
| #define JAS_CONFIGURE 1
| /* end confdefs.h.  */
| #include <ac_nonexistent.h>
configure:4270: checking whether ln -s works
configure:4274: result: yes
configure:4324: checking for ranlib
configure:4351: result: /mnt/c/Users/chris/Linux/emsdk_portable/emscripten/master/emranlib
configure:4462: checking for ld used by GCC
ERROR:root:no input files
note that input files without a known suffix are ignored, make sure your input files end with one of: ('.c', '.C', '.i', '.cpp', '.cxx', '.cc', '.c++', '.CPP', '.CXX', '.CC', '.C++', '.ii', '.m', '.mi', '.mm', '.mii', '/dev/null', '.bc', '.o', '.obj', '.lo', '.dylib', '.so', '.a', '.ll', '.h', '.hxx', '.hpp', '.hh', '.H', '.HXX', '.HPP', '.HH')
configure:4525: result: /mnt/c/Users/chris/Linux/emsdk_portable/emscripten/master/emcc
configure:4532: checking if the linker (/mnt/c/Users/chris/Linux/emsdk_portable/emscripten/master/emcc) is GNU ld
emcc (Emscripten gcc/clang-like replacement + linker emulating GNU ld) 1.37.0
configure:4544: result: yes
configure:4549: checking for /mnt/c/Users/chris/Linux/emsdk_portable/emscripten/master/emcc option to reload object files
configure:4556: result: -r
configure:4561: checking for BSD-compatible nm
configure:4597: result: /mnt/c/Users/chris/Linux/emsdk_portable/clang/fastcomp/build_master_64/bin/llvm-nm
configure:4600: checking for a sed that does not truncate output
configure:4682: result: /bin/sed
configure:4685: checking how to recognise dependent libraries
configure:4866: result: pass_all
configure:4879: checking command to parse /mnt/c/Users/chris/Linux/emsdk_portable/clang/fastcomp/build_master_64/bin/llvm-nm output
configure:4963: /mnt/c/Users/chris/Linux/emsdk_portable/emscripten/master/emcc -c -Wall -fsigned-char  conftest.c >&5
configure:4966: $? = 0
configure:4970: /mnt/c/Users/chris/Linux/emsdk_portable/clang/fastcomp/build_master_64/bin/llvm-nm conftest.o \| sed -n -e 's/^.*[ 	]\([BCDEGRST][BCDEGRST]*\)[ 	][ 	]*\(\)\([_A-Za-z][_A-Za-z0-9]*\)$/\1 \2\3 \3/p' \> conftest.nm
configure:4973: $? = 0
configure:5025: /mnt/c/Users/chris/Linux/emsdk_portable/emscripten/master/emcc -o conftest -Wall -fsigned-char   conftest.c conftstm.o >&5
conftest.c:6:1: warning: variable named 'main' with external linkage has undefined behavior [-Wmain]
extern char main;
^
1 warning generated.
configure:5028: $? = 0
configure:5072: result: ok
configure:5077: checking for grep that handles long lines and -e
configure:5135: result: /bin/grep
configure:5140: checking for egrep
configure:5202: result: /bin/grep -E
configure:5207: checking for ANSI C header files
configure:5227: /mnt/c/Users/chris/Linux/emsdk_portable/emscripten/master/emcc -c -Wall -fsigned-char  conftest.c >&5
configure:5227: $? = 0
configure:5300: /mnt/c/Users/chris/Linux/emsdk_portable/emscripten/master/emcc -o conftest -Wall -fsigned-char   conftest.c  >&5
configure:5300: $? = 0
configure:5300: ./conftest
configure:5300: $? = 0
configure:5311: result: yes
configure:5324: checking for sys/types.h
configure:5324: /mnt/c/Users/chris/Linux/emsdk_portable/emscripten/master/emcc -c -Wall -fsigned-char  conftest.c >&5
configure:5324: $? = 0
configure:5324: result: yes
configure:5324: checking for sys/stat.h
configure:5324: /mnt/c/Users/chris/Linux/emsdk_portable/emscripten/master/emcc -c -Wall -fsigned-char  conftest.c >&5
configure:5324: $? = 0
configure:5324: result: yes
configure:5324: checking for stdlib.h
configure:5324: /mnt/c/Users/chris/Linux/emsdk_portable/emscripten/master/emcc -c -Wall -fsigned-char  conftest.c >&5
configure:5324: $? = 0
configure:5324: result: yes
configure:5324: checking for string.h
configure:5324: /mnt/c/Users/chris/Linux/emsdk_portable/emscripten/master/emcc -c -Wall -fsigned-char  conftest.c >&5
configure:5324: $? = 0
configure:5324: result: yes
configure:5324: checking for memory.h
configure:5324: /mnt/c/Users/chris/Linux/emsdk_portable/emscripten/master/emcc -c -Wall -fsigned-char  conftest.c >&5
configure:5324: $? = 0
configure:5324: result: yes
configure:5324: checking for strings.h
configure:5324: /mnt/c/Users/chris/Linux/emsdk_portable/emscripten/master/emcc -c -Wall -fsigned-char  conftest.c >&5
configure:5324: $? = 0
configure:5324: result: yes
configure:5324: checking for inttypes.h
configure:5324: /mnt/c/Users/chris/Linux/emsdk_portable/emscripten/master/emcc -c -Wall -fsigned-char  conftest.c >&5
configure:5324: $? = 0
configure:5324: result: yes
configure:5324: checking for stdint.h
configure:5324: /mnt/c/Users/chris/Linux/emsdk_portable/emscripten/master/emcc -c -Wall -fsigned-char  conftest.c >&5
configure:5324: $? = 0
configure:5324: result: yes
configure:5324: checking for unistd.h
configure:5324: /mnt/c/Users/chris/Linux/emsdk_portable/emscripten/master/emcc -c -Wall -fsigned-char  conftest.c >&5
configure:5324: $? = 0
configure:5324: result: yes
configure:5338: checking dlfcn.h usability
configure:5338: /mnt/c/Users/chris/Linux/emsdk_portable/emscripten/master/emcc -c -Wall -fsigned-char  conftest.c >&5
configure:5338: $? = 0
configure:5338: result: yes
configure:5338: checking dlfcn.h presence
configure:5338: /mnt/c/Users/chris/Linux/emsdk_portable/emscripten/master/emcc -E  conftest.c
configure:5338: $? = 0
configure:5338: result: yes
configure:5338: checking for dlfcn.h
configure:5338: result: yes
configure:5535: checking for ranlib
configure:5562: result: /mnt/c/Users/chris/Linux/emsdk_portable/emscripten/master/emranlib
configure:5627: checking for strip
configure:5643: found /usr/bin/strip
configure:5654: result: strip
configure:5855: checking for objdir
configure:5866: result: .libs
configure:5883: checking for /mnt/c/Users/chris/Linux/emsdk_portable/emscripten/master/emcc option to produce PIC
configure:6029: result: -fPIC
configure:6033: checking if /mnt/c/Users/chris/Linux/emsdk_portable/emscripten/master/emcc PIC flag -fPIC works
configure:6051: /mnt/c/Users/chris/Linux/emsdk_portable/emscripten/master/emcc -c -Wall -fsigned-char -fPIC -DPIC  conftest.c >&5
configure:6051: $? = 0
configure:6085: result: yes
configure:6101: checking if /mnt/c/Users/chris/Linux/emsdk_portable/emscripten/master/emcc static flag -static works
configure:6120: /mnt/c/Users/chris/Linux/emsdk_portable/emscripten/master/emcc -o conftest -Wall -fsigned-char   -static conftest.c  >&5
configure:6120: $? = 0
configure:6132: result: yes
configure:6144: checking if /mnt/c/Users/chris/Linux/emsdk_portable/emscripten/master/emcc supports -c -o file.o
configure:6164: /mnt/c/Users/chris/Linux/emsdk_portable/emscripten/master/emcc -c -Wall -fsigned-char -o out/conftest2.o  conftest.c >&5
configure:6188: result: yes
configure:6193: checking if /mnt/c/Users/chris/Linux/emsdk_portable/emscripten/master/emcc supports -c -o file.lo
configure:6215: /mnt/c/Users/chris/Linux/emsdk_portable/emscripten/master/emcc -c -Wall -fsigned-char -c -o conftest.lo  conftest.c >&5
conftest.c:28:5: warning: unused variable 'some_variable' [-Wunused-variable]
int some_variable = 0;
    ^
1 warning generated.
configure:6215: $? = 0
configure:6232: result: no
configure:6263: checking if /mnt/c/Users/chris/Linux/emsdk_portable/emscripten/master/emcc supports -fno-rtti -fno-exceptions
configure:6280: /mnt/c/Users/chris/Linux/emsdk_portable/emscripten/master/emcc -c -Wall -fsigned-char -fno-rtti -fno-exceptions -c conftest.c  conftest.c >&5
conftest.c:28:5: warning: unused variable 'some_variable' [-Wunused-variable]
int some_variable = 0;
    ^
1 warning generated.
conftest.c:28:5: warning: unused variable 'some_variable' [-Wunused-variable]
int some_variable = 0;
    ^
1 warning generated.
configure:6280: $? = 0
configure:6292: result: no
configure:6303: checking whether the linker (/mnt/c/Users/chris/Linux/emsdk_portable/emscripten/master/emcc) supports shared libraries
configure:6998: result: yes
configure:7003: checking how to hardcode library paths into programs
configure:7027: result: immediate
configure:7032: checking whether stripping libraries is possible
configure:7037: result: yes
configure:7048: checking dynamic linker characteristics
configure:7309: /mnt/c/Users/chris/Linux/emsdk_portable/emscripten/master/emcc -c -Wall -fsigned-char  conftest.c >&5
configure:7312: $? = 0
configure:7479: result: GNU/Linux ld.so
configure:7484: checking if libtool supports shared libraries
configure:7486: result: yes
configure:7489: checking whether to build shared libraries
configure:7510: result: no
configure:7513: checking whether to build static libraries
configure:7517: result: yes
configure:8592: checking for X
configure:8700: /mnt/c/Users/chris/Linux/emsdk_portable/emscripten/master/emcc -E  conftest.c
configure:8700: $? = 0
configure:8731: /mnt/c/Users/chris/Linux/emsdk_portable/emscripten/master/emcc -o conftest -Wall -fsigned-char   conftest.c -lX11  >&5
error: unresolved symbol: XrmInitialize
Aborting compilation due to previous errors | undefined
Traceback (most recent call last):
  File "/mnt/c/Users/chris/Linux/emsdk_portable/emscripten/master/emcc", line 13, in <module>
    emcc.run()
  File "/mnt/c/Users/chris/Linux/emsdk_portable/emscripten/master/emcc.py", line 1620, in run
    final = shared.Building.emscripten(final, append_ext=False, extra_args=extra_args)
  File "/mnt/c/Users/chris/Linux/emsdk_portable/emscripten/master/tools/shared.py", line 1745, in emscripten
    call_emscripten(cmdline)
  File "/mnt/c/Users/chris/Linux/emsdk_portable/emscripten/master/emscripten.py", line 1783, in _main
    temp_files.run_and_clean(lambda: main(
  File "/mnt/c/Users/chris/Linux/emsdk_portable/emscripten/master/tools/tempfiles.py", line 78, in run_and_clean
    return func()
  File "/mnt/c/Users/chris/Linux/emsdk_portable/emscripten/master/emscripten.py", line 1788, in <lambda>
    DEBUG=DEBUG,
  File "/mnt/c/Users/chris/Linux/emsdk_portable/emscripten/master/emscripten.py", line 1689, in main
    temp_files=temp_files, DEBUG=DEBUG)
  File "/mnt/c/Users/chris/Linux/emsdk_portable/emscripten/master/emscripten.py", line 93, in emscript
    glue, forwarded_data = compiler_glue(metadata, settings, libraries, compiler_engine, temp_files, DEBUG)
  File "/mnt/c/Users/chris/Linux/emsdk_portable/emscripten/master/emscripten.py", line 293, in compiler_glue
    cwd=path_from_root('src'), error_limit=300)
  File "/mnt/c/Users/chris/Linux/emsdk_portable/emscripten/master/tools/jsrun.py", line 122, in run_js
    raise Exception('Expected the command ' + str(command) + ' to finish with return code ' + str(assert_returncode) + ', but it returned with code ' + str(proc.returncode) + ' instead! Output: ' + str(ret)[:error_limit])
Exception: Expected the command ['/mnt/c/Users/chris/Linux/emsdk_portable/node/4.1.1_64bit/bin/node', '/mnt/c/Users/chris/Linux/emsdk_portable/emscripten/master/src/compiler.js', '/tmp/tmpB0rzeN.txt', '/mnt/c/Users/chris/Linux/emsdk_portable/emscripten/master/src/library_pthread_stub.js'] to finish with return code 0, but it returned with code 1 instead! Output: // The Module object: Our interface to the outside world. We import
// and export values on it, and do the work to get that through
// closure compiler if necessary. There are various ways Module can be used:
// 1. Not defined. We create it here
// 2. A function parameter, function(Module) { ..gener
configure:8731: $? = 1
configure: failed program was:
| /* confdefs.h */
| #define PACKAGE_NAME "jasper"
| #define PACKAGE_TARNAME "jasper"
| #define PACKAGE_VERSION "1.700.5"
| #define PACKAGE_STRING "jasper 1.700.5"
| #define PACKAGE_BUGREPORT ""
| #define PACKAGE_URL ""
| #define PACKAGE "jasper"
| #define VERSION "1.700.5"
| #define JAS_VERSION "1.700.5"
| #define JAS_CONFIGURE 1
| #define STDC_HEADERS 1
| #define HAVE_SYS_TYPES_H 1
| #define HAVE_SYS_STAT_H 1
| #define HAVE_STDLIB_H 1
| #define HAVE_STRING_H 1
| #define HAVE_MEMORY_H 1
| #define HAVE_STRINGS_H 1
| #define HAVE_INTTYPES_H 1
| #define HAVE_STDINT_H 1
| #define HAVE_UNISTD_H 1
| #define HAVE_DLFCN_H 1
| /* end confdefs.h.  */
| #include <X11/Xlib.h>
| int
| main ()
| {
| XrmInitialize ()
|   ;
|   return 0;
| }
configure:8770: result: no
configure:9276: checking whether variable-length arrays are supported
configure:9291: /mnt/c/Users/chris/Linux/emsdk_portable/emscripten/master/emcc -c -Wall -fsigned-char  conftest.c >&5
conftest.c:30:13: warning: unused variable 'foo' [-Wunused-variable]
        int n; int foo[n];
                   ^
conftest.c:30:17: warning: variable 'n' is uninitialized when used here [-Wuninitialized]
        int n; int foo[n];
                       ^
conftest.c:30:7: note: initialize the variable 'n' to silence this warning
        int n; int foo[n];
             ^
              = 0
2 warnings generated.
configure:9291: $? = 0
configure:9292: result: yes
configure:9327: checking for jpeg_destroy in -ljpeg
configure:9352: /mnt/c/Users/chris/Linux/emsdk_portable/emscripten/master/emcc -o conftest -Wall -fsigned-char   conftest.c -ljpeg   >&5
WARNING:root:emcc: cannot find library "jpeg"
[0;33mwarning:[0m unexpected number of arguments 0 in call to 'jpeg_destroy', should be 1
error: unresolved symbol: jpeg_destroy
Aborting compilation due to previous errors | undefined
Traceback (most recent call last):
  File "/mnt/c/Users/chris/Linux/emsdk_portable/emscripten/master/emcc", line 13, in <module>
    emcc.run()
  File "/mnt/c/Users/chris/Linux/emsdk_portable/emscripten/master/emcc.py", line 1620, in run
    final = shared.Building.emscripten(final, append_ext=False, extra_args=extra_args)
  File "/mnt/c/Users/chris/Linux/emsdk_portable/emscripten/master/tools/shared.py", line 1745, in emscripten
    call_emscripten(cmdline)
  File "/mnt/c/Users/chris/Linux/emsdk_portable/emscripten/master/emscripten.py", line 1783, in _main
    temp_files.run_and_clean(lambda: main(
  File "/mnt/c/Users/chris/Linux/emsdk_portable/emscripten/master/tools/tempfiles.py", line 78, in run_and_clean
    return func()
  File "/mnt/c/Users/chris/Linux/emsdk_portable/emscripten/master/emscripten.py", line 1788, in <lambda>
    DEBUG=DEBUG,
  File "/mnt/c/Users/chris/Linux/emsdk_portable/emscripten/master/emscripten.py", line 1689, in main
    temp_files=temp_files, DEBUG=DEBUG)
  File "/mnt/c/Users/chris/Linux/emsdk_portable/emscripten/master/emscripten.py", line 93, in emscript
    glue, forwarded_data = compiler_glue(metadata, settings, libraries, compiler_engine, temp_files, DEBUG)
  File "/mnt/c/Users/chris/Linux/emsdk_portable/emscripten/master/emscripten.py", line 293, in compiler_glue
    cwd=path_from_root('src'), error_limit=300)
  File "/mnt/c/Users/chris/Linux/emsdk_portable/emscripten/master/tools/jsrun.py", line 122, in run_js
    raise Exception('Expected the command ' + str(command) + ' to finish with return code ' + str(assert_returncode) + ', but it returned with code ' + str(proc.returncode) + ' instead! Output: ' + str(ret)[:error_limit])
Exception: Expected the command ['/mnt/c/Users/chris/Linux/emsdk_portable/node/4.1.1_64bit/bin/node', '/mnt/c/Users/chris/Linux/emsdk_portable/emscripten/master/src/compiler.js', '/tmp/tmprNSwqz.txt', '/mnt/c/Users/chris/Linux/emsdk_portable/emscripten/master/src/library_pthread_stub.js'] to finish with return code 0, but it returned with code 1 instead! Output: // The Module object: Our interface to the outside world. We import
// and export values on it, and do the work to get that through
// closure compiler if necessary. There are various ways Module can be used:
// 1. Not defined. We create it here
// 2. A function parameter, function(Module) { ..gener
configure:9352: $? = 1
configure: failed program was:
| /* confdefs.h */
| #define PACKAGE_NAME "jasper"
| #define PACKAGE_TARNAME "jasper"
| #define PACKAGE_VERSION "1.700.5"
| #define PACKAGE_STRING "jasper 1.700.5"
| #define PACKAGE_BUGREPORT ""
| #define PACKAGE_URL ""
| #define PACKAGE "jasper"
| #define VERSION "1.700.5"
| #define JAS_VERSION "1.700.5"
| #define JAS_CONFIGURE 1
| #define STDC_HEADERS 1
| #define HAVE_SYS_TYPES_H 1
| #define HAVE_SYS_STAT_H 1
| #define HAVE_STDLIB_H 1
| #define HAVE_STRING_H 1
| #define HAVE_MEMORY_H 1
| #define HAVE_STRINGS_H 1
| #define HAVE_INTTYPES_H 1
| #define HAVE_STDINT_H 1
| #define HAVE_UNISTD_H 1
| #define HAVE_DLFCN_H 1
| #define X_DISPLAY_MISSING 1
| #define HAVE_VLA 1
| /* end confdefs.h.  */
| 
| /* Override any GCC internal prototype to avoid an error.
|    Use char because int might match the return type of a GCC
|    builtin and then its argument prototype would still apply.  */
| #ifdef __cplusplus
| extern "C"
| #endif
| char jpeg_destroy ();
| int
| main ()
| {
| return jpeg_destroy ();
|   ;
|   return 0;
| }
configure:9361: result: no
configure:9441: checking for glutInit in -lglut
configure:9466: /mnt/c/Users/chris/Linux/emsdk_portable/emscripten/master/emcc -o conftest -Wall -fsigned-char   conftest.c -lglut -lglut -lGL -lGLU  -lX11 -lXmu -lXi -lXext -lXt    >&5
WARNING:root:emcc: cannot find library "Xmu"
WARNING:root:emcc: cannot find library "Xi"
WARNING:root:emcc: cannot find library "Xext"
WARNING:root:emcc: cannot find library "Xt"
[0;33mwarning:[0m unexpected number of arguments 0 in call to 'glutInit', should be 1
configure:9466: $? = 0
configure:9475: result: yes
configure:9485: checking GL/glut.h usability
configure:9485: /mnt/c/Users/chris/Linux/emsdk_portable/emscripten/master/emcc -c -Wall -fsigned-char  conftest.c >&5
configure:9485: $? = 0
configure:9485: result: yes
configure:9485: checking GL/glut.h presence
configure:9485: /mnt/c/Users/chris/Linux/emsdk_portable/emscripten/master/emcc -E  conftest.c
configure:9485: $? = 0
configure:9485: result: yes
configure:9485: checking for GL/glut.h
configure:9485: result: yes
configure:9506: checking whether OpenGL libraries and headers were detected
configure:9508: result: yes
configure:9516: checking for main in -lm
configure:9535: /mnt/c/Users/chris/Linux/emsdk_portable/emscripten/master/emcc -o conftest -Wall -fsigned-char   conftest.c -lm   >&5
conftest.c:30:1: warning: all paths through this function will call itself [-Winfinite-recursion]
{
^
1 warning generated.
configure:9535: $? = 0
configure:9544: result: yes
configure:9560: checking for ANSI C header files
configure:9664: result: yes
configure:9675: checking fcntl.h usability
configure:9675: /mnt/c/Users/chris/Linux/emsdk_portable/emscripten/master/emcc -c -Wall -fsigned-char  conftest.c >&5
configure:9675: $? = 0
configure:9675: result: yes
configure:9675: checking fcntl.h presence
configure:9675: /mnt/c/Users/chris/Linux/emsdk_portable/emscripten/master/emcc -E  conftest.c
configure:9675: $? = 0
configure:9675: result: yes
configure:9675: checking for fcntl.h
configure:9675: result: yes
configure:9675: checking limits.h usability
configure:9675: /mnt/c/Users/chris/Linux/emsdk_portable/emscripten/master/emcc -c -Wall -fsigned-char  conftest.c >&5
configure:9675: $? = 0
configure:9675: result: yes
configure:9675: checking limits.h presence
configure:9675: /mnt/c/Users/chris/Linux/emsdk_portable/emscripten/master/emcc -E  conftest.c
configure:9675: $? = 0
configure:9675: result: yes
configure:9675: checking for limits.h
configure:9675: result: yes
configure:9675: checking for unistd.h
configure:9675: result: yes
configure:9675: checking for stdint.h
configure:9675: result: yes
configure:9675: checking stdbool.h usability
configure:9675: /mnt/c/Users/chris/Linux/emsdk_portable/emscripten/master/emcc -c -Wall -fsigned-char  conftest.c >&5
configure:9675: $? = 0
configure:9675: result: yes
configure:9675: checking stdbool.h presence
configure:9675: /mnt/c/Users/chris/Linux/emsdk_portable/emscripten/master/emcc -E  conftest.c
configure:9675: $? = 0
configure:9675: result: yes
configure:9675: checking for stdbool.h
configure:9675: result: yes
configure:9675: checking io.h usability
configure:9675: /mnt/c/Users/chris/Linux/emsdk_portable/emscripten/master/emcc -c -Wall -fsigned-char  conftest.c >&5
conftest.c:66:10: fatal error: 'io.h' file not found
#include <io.h>
         ^
1 error generated.
ERROR:root:compiler frontend failed to generate LLVM bitcode, halting
configure:9675: $? = 1
configure: failed program was:
| /* confdefs.h */
| #define PACKAGE_NAME "jasper"
| #define PACKAGE_TARNAME "jasper"
| #define PACKAGE_VERSION "1.700.5"
| #define PACKAGE_STRING "jasper 1.700.5"
| #define PACKAGE_BUGREPORT ""
| #define PACKAGE_URL ""
| #define PACKAGE "jasper"
| #define VERSION "1.700.5"
| #define JAS_VERSION "1.700.5"
| #define JAS_CONFIGURE 1
| #define STDC_HEADERS 1
| #define HAVE_SYS_TYPES_H 1
| #define HAVE_SYS_STAT_H 1
| #define HAVE_STDLIB_H 1
| #define HAVE_STRING_H 1
| #define HAVE_MEMORY_H 1
| #define HAVE_STRINGS_H 1
| #define HAVE_INTTYPES_H 1
| #define HAVE_STDINT_H 1
| #define HAVE_UNISTD_H 1
| #define HAVE_DLFCN_H 1
| #define X_DISPLAY_MISSING 1
| #define HAVE_VLA 1
| #define HAVE_LIBM 1
| #define STDC_HEADERS 1
| #define HAVE_FCNTL_H 1
| #define HAVE_LIMITS_H 1
| #define HAVE_UNISTD_H 1
| #define HAVE_STDINT_H 1
| #define HAVE_STDBOOL_H 1
| /* end confdefs.h.  */
| #include <stdio.h>
| #ifdef HAVE_SYS_TYPES_H
| # include <sys/types.h>
| #endif
| #ifdef HAVE_SYS_STAT_H
| # include <sys/stat.h>
| #endif
| #ifdef STDC_HEADERS
| # include <stdlib.h>
| # include <stddef.h>
| #else
| # ifdef HAVE_STDLIB_H
| #  include <stdlib.h>
| # endif
| #endif
| #ifdef HAVE_STRING_H
| # if !defined STDC_HEADERS && defined HAVE_MEMORY_H
| #  include <memory.h>
| # endif
| # include <string.h>
| #endif
| #ifdef HAVE_STRINGS_H
| # include <strings.h>
| #endif
| #ifdef HAVE_INTTYPES_H
| # include <inttypes.h>
| #endif
| #ifdef HAVE_STDINT_H
| # include <stdint.h>
| #endif
| #ifdef HAVE_UNISTD_H
| # include <unistd.h>
| #endif
| #include <io.h>
configure:9675: result: no
configure:9675: checking io.h presence
configure:9675: /mnt/c/Users/chris/Linux/emsdk_portable/emscripten/master/emcc -E  conftest.c
conftest.c:33:10: fatal error: 'io.h' file not found
#include <io.h>
         ^
1 error generated.
configure:9675: $? = 1
configure: failed program was:
| /* confdefs.h */
| #define PACKAGE_NAME "jasper"
| #define PACKAGE_TARNAME "jasper"
| #define PACKAGE_VERSION "1.700.5"
| #define PACKAGE_STRING "jasper 1.700.5"
| #define PACKAGE_BUGREPORT ""
| #define PACKAGE_URL ""
| #define PACKAGE "jasper"
| #define VERSION "1.700.5"
| #define JAS_VERSION "1.700.5"
| #define JAS_CONFIGURE 1
| #define STDC_HEADERS 1
| #define HAVE_SYS_TYPES_H 1
| #define HAVE_SYS_STAT_H 1
| #define HAVE_STDLIB_H 1
| #define HAVE_STRING_H 1
| #define HAVE_MEMORY_H 1
| #define HAVE_STRINGS_H 1
| #define HAVE_INTTYPES_H 1
| #define HAVE_STDINT_H 1
| #define HAVE_UNISTD_H 1
| #define HAVE_DLFCN_H 1
| #define X_DISPLAY_MISSING 1
| #define HAVE_VLA 1
| #define HAVE_LIBM 1
| #define STDC_HEADERS 1
| #define HAVE_FCNTL_H 1
| #define HAVE_LIMITS_H 1
| #define HAVE_UNISTD_H 1
| #define HAVE_STDINT_H 1
| #define HAVE_STDBOOL_H 1
| /* end confdefs.h.  */
| #include <io.h>
configure:9675: result: no
configure:9675: checking for io.h
configure:9675: result: no
configure:9675: checking windows.h usability
configure:9675: /mnt/c/Users/chris/Linux/emsdk_portable/emscripten/master/emcc -c -Wall -fsigned-char  conftest.c >&5
conftest.c:66:10: fatal error: 'windows.h' file not found
#include <windows.h>
         ^
1 error generated.
ERROR:root:compiler frontend failed to generate LLVM bitcode, halting
configure:9675: $? = 1
configure: failed program was:
| /* confdefs.h */
| #define PACKAGE_NAME "jasper"
| #define PACKAGE_TARNAME "jasper"
| #define PACKAGE_VERSION "1.700.5"
| #define PACKAGE_STRING "jasper 1.700.5"
| #define PACKAGE_BUGREPORT ""
| #define PACKAGE_URL ""
| #define PACKAGE "jasper"
| #define VERSION "1.700.5"
| #define JAS_VERSION "1.700.5"
| #define JAS_CONFIGURE 1
| #define STDC_HEADERS 1
| #define HAVE_SYS_TYPES_H 1
| #define HAVE_SYS_STAT_H 1
| #define HAVE_STDLIB_H 1
| #define HAVE_STRING_H 1
| #define HAVE_MEMORY_H 1
| #define HAVE_STRINGS_H 1
| #define HAVE_INTTYPES_H 1
| #define HAVE_STDINT_H 1
| #define HAVE_UNISTD_H 1
| #define HAVE_DLFCN_H 1
| #define X_DISPLAY_MISSING 1
| #define HAVE_VLA 1
| #define HAVE_LIBM 1
| #define STDC_HEADERS 1
| #define HAVE_FCNTL_H 1
| #define HAVE_LIMITS_H 1
| #define HAVE_UNISTD_H 1
| #define HAVE_STDINT_H 1
| #define HAVE_STDBOOL_H 1
| /* end confdefs.h.  */
| #include <stdio.h>
| #ifdef HAVE_SYS_TYPES_H
| # include <sys/types.h>
| #endif
| #ifdef HAVE_SYS_STAT_H
| # include <sys/stat.h>
| #endif
| #ifdef STDC_HEADERS
| # include <stdlib.h>
| # include <stddef.h>
| #else
| # ifdef HAVE_STDLIB_H
| #  include <stdlib.h>
| # endif
| #endif
| #ifdef HAVE_STRING_H
| # if !defined STDC_HEADERS && defined HAVE_MEMORY_H
| #  include <memory.h>
| # endif
| # include <string.h>
| #endif
| #ifdef HAVE_STRINGS_H
| # include <strings.h>
| #endif
| #ifdef HAVE_INTTYPES_H
| # include <inttypes.h>
| #endif
| #ifdef HAVE_STDINT_H
| # include <stdint.h>
| #endif
| #ifdef HAVE_UNISTD_H
| # include <unistd.h>
| #endif
| #include <windows.h>
configure:9675: result: no
configure:9675: checking windows.h presence
configure:9675: /mnt/c/Users/chris/Linux/emsdk_portable/emscripten/master/emcc -E  conftest.c
conftest.c:33:10: fatal error: 'windows.h' file not found
#include <windows.h>
         ^
1 error generated.
configure:9675: $? = 1
configure: failed program was:
| /* confdefs.h */
| #define PACKAGE_NAME "jasper"
| #define PACKAGE_TARNAME "jasper"
| #define PACKAGE_VERSION "1.700.5"
| #define PACKAGE_STRING "jasper 1.700.5"
| #define PACKAGE_BUGREPORT ""
| #define PACKAGE_URL ""
| #define PACKAGE "jasper"
| #define VERSION "1.700.5"
| #define JAS_VERSION "1.700.5"
| #define JAS_CONFIGURE 1
| #define STDC_HEADERS 1
| #define HAVE_SYS_TYPES_H 1
| #define HAVE_SYS_STAT_H 1
| #define HAVE_STDLIB_H 1
| #define HAVE_STRING_H 1
| #define HAVE_MEMORY_H 1
| #define HAVE_STRINGS_H 1
| #define HAVE_INTTYPES_H 1
| #define HAVE_STDINT_H 1
| #define HAVE_UNISTD_H 1
| #define HAVE_DLFCN_H 1
| #define X_DISPLAY_MISSING 1
| #define HAVE_VLA 1
| #define HAVE_LIBM 1
| #define STDC_HEADERS 1
| #define HAVE_FCNTL_H 1
| #define HAVE_LIMITS_H 1
| #define HAVE_UNISTD_H 1
| #define HAVE_STDINT_H 1
| #define HAVE_STDBOOL_H 1
| /* end confdefs.h.  */
| #include <windows.h>
configure:9675: result: no
configure:9675: checking for windows.h
configure:9675: result: no
configure:9675: checking for sys/types.h
configure:9675: result: yes
configure:9675: checking for stdlib.h
configure:9675: result: yes
configure:9675: checking stddef.h usability
configure:9675: /mnt/c/Users/chris/Linux/emsdk_portable/emscripten/master/emcc -c -Wall -fsigned-char  conftest.c >&5
configure:9675: $? = 0
configure:9675: result: yes
configure:9675: checking stddef.h presence
configure:9675: /mnt/c/Users/chris/Linux/emsdk_portable/emscripten/master/emcc -E  conftest.c
configure:9675: $? = 0
configure:9675: result: yes
configure:9675: checking for stddef.h
configure:9675: result: yes
configure:9690: checking whether byte ordering is bigendian
configure:9705: /mnt/c/Users/chris/Linux/emsdk_portable/emscripten/master/emcc -c -Wall -fsigned-char  conftest.c >&5
conftest.c:37:9: error: unknown type name 'not'
               not a universal capable compiler
               ^
conftest.c:37:14: error: expected ';' after top level declarator
               not a universal capable compiler
                    ^
                    ;
2 errors generated.
ERROR:root:compiler frontend failed to generate LLVM bitcode, halting
configure:9705: $? = 1
configure: failed program was:
| /* confdefs.h */
| #define PACKAGE_NAME "jasper"
| #define PACKAGE_TARNAME "jasper"
| #define PACKAGE_VERSION "1.700.5"
| #define PACKAGE_STRING "jasper 1.700.5"
| #define PACKAGE_BUGREPORT ""
| #define PACKAGE_URL ""
| #define PACKAGE "jasper"
| #define VERSION "1.700.5"
| #define JAS_VERSION "1.700.5"
| #define JAS_CONFIGURE 1
| #define STDC_HEADERS 1
| #define HAVE_SYS_TYPES_H 1
| #define HAVE_SYS_STAT_H 1
| #define HAVE_STDLIB_H 1
| #define HAVE_STRING_H 1
| #define HAVE_MEMORY_H 1
| #define HAVE_STRINGS_H 1
| #define HAVE_INTTYPES_H 1
| #define HAVE_STDINT_H 1
| #define HAVE_UNISTD_H 1
| #define HAVE_DLFCN_H 1
| #define X_DISPLAY_MISSING 1
| #define HAVE_VLA 1
| #define HAVE_LIBM 1
| #define STDC_HEADERS 1
| #define HAVE_FCNTL_H 1
| #define HAVE_LIMITS_H 1
| #define HAVE_UNISTD_H 1
| #define HAVE_STDINT_H 1
| #define HAVE_STDBOOL_H 1
| #define HAVE_SYS_TYPES_H 1
| #define HAVE_STDLIB_H 1
| #define HAVE_STDDEF_H 1
| /* end confdefs.h.  */
| #ifndef __APPLE_CC__
| 	       not a universal capable compiler
| 	     #endif
| 	     typedef int dummy;
| 
configure:9750: /mnt/c/Users/chris/Linux/emsdk_portable/emscripten/master/emcc -c -Wall -fsigned-char  conftest.c >&5
configure:9750: $? = 0
configure:9768: /mnt/c/Users/chris/Linux/emsdk_portable/emscripten/master/emcc -c -Wall -fsigned-char  conftest.c >&5
conftest.c:43:4: error: use of undeclared identifier 'not'
                 not big endian
                 ^
1 error generated.
ERROR:root:compiler frontend failed to generate LLVM bitcode, halting
configure:9768: $? = 1
configure: failed program was:
| /* confdefs.h */
| #define PACKAGE_NAME "jasper"
| #define PACKAGE_TARNAME "jasper"
| #define PACKAGE_VERSION "1.700.5"
| #define PACKAGE_STRING "jasper 1.700.5"
| #define PACKAGE_BUGREPORT ""
| #define PACKAGE_URL ""
| #define PACKAGE "jasper"
| #define VERSION "1.700.5"
| #define JAS_VERSION "1.700.5"
| #define JAS_CONFIGURE 1
| #define STDC_HEADERS 1
| #define HAVE_SYS_TYPES_H 1
| #define HAVE_SYS_STAT_H 1
| #define HAVE_STDLIB_H 1
| #define HAVE_STRING_H 1
| #define HAVE_MEMORY_H 1
| #define HAVE_STRINGS_H 1
| #define HAVE_INTTYPES_H 1
| #define HAVE_STDINT_H 1
| #define HAVE_UNISTD_H 1
| #define HAVE_DLFCN_H 1
| #define X_DISPLAY_MISSING 1
| #define HAVE_VLA 1
| #define HAVE_LIBM 1
| #define STDC_HEADERS 1
| #define HAVE_FCNTL_H 1
| #define HAVE_LIMITS_H 1
| #define HAVE_UNISTD_H 1
| #define HAVE_STDINT_H 1
| #define HAVE_STDBOOL_H 1
| #define HAVE_SYS_TYPES_H 1
| #define HAVE_STDLIB_H 1
| #define HAVE_STDDEF_H 1
| /* end confdefs.h.  */
| #include <sys/types.h>
| 		#include <sys/param.h>
| 
| int
| main ()
| {
| #if BYTE_ORDER != BIG_ENDIAN
| 		 not big endian
| 		#endif
| 
|   ;
|   return 0;
| }
configure:9896: result: no
configure:9914: checking for an ANSI C-conforming const
configure:9980: /mnt/c/Users/chris/Linux/emsdk_portable/emscripten/master/emcc -c -Wall -fsigned-char  conftest.c >&5
configure:9980: $? = 0
configure:9987: result: yes
configure:9995: checking for inline
configure:10011: /mnt/c/Users/chris/Linux/emsdk_portable/emscripten/master/emcc -c -Wall -fsigned-char  conftest.c >&5
conftest.c:38:21: warning: unused function 'static_foo' [-Wunused-function]
static inline foo_t static_foo () {return 0; }
                    ^
1 warning generated.
configure:10011: $? = 0
configure:10019: result: inline
configure:10037: checking for size_t
configure:10037: /mnt/c/Users/chris/Linux/emsdk_portable/emscripten/master/emcc -c -Wall -fsigned-char  conftest.c >&5
configure:10037: $? = 0
configure:10037: /mnt/c/Users/chris/Linux/emsdk_portable/emscripten/master/emcc -c -Wall -fsigned-char  conftest.c >&5
conftest.c:72:21: error: expected expression
if (sizeof ((size_t)))
                    ^
1 error generated.
ERROR:root:compiler frontend failed to generate LLVM bitcode, halting
configure:10037: $? = 1
configure: failed program was:
| /* confdefs.h */
| #define PACKAGE_NAME "jasper"
| #define PACKAGE_TARNAME "jasper"
| #define PACKAGE_VERSION "1.700.5"
| #define PACKAGE_STRING "jasper 1.700.5"
| #define PACKAGE_BUGREPORT ""
| #define PACKAGE_URL ""
| #define PACKAGE "jasper"
| #define VERSION "1.700.5"
| #define JAS_VERSION "1.700.5"
| #define JAS_CONFIGURE 1
| #define STDC_HEADERS 1
| #define HAVE_SYS_TYPES_H 1
| #define HAVE_SYS_STAT_H 1
| #define HAVE_STDLIB_H 1
| #define HAVE_STRING_H 1
| #define HAVE_MEMORY_H 1
| #define HAVE_STRINGS_H 1
| #define HAVE_INTTYPES_H 1
| #define HAVE_STDINT_H 1
| #define HAVE_UNISTD_H 1
| #define HAVE_DLFCN_H 1
| #define X_DISPLAY_MISSING 1
| #define HAVE_VLA 1
| #define HAVE_LIBM 1
| #define STDC_HEADERS 1
| #define HAVE_FCNTL_H 1
| #define HAVE_LIMITS_H 1
| #define HAVE_UNISTD_H 1
| #define HAVE_STDINT_H 1
| #define HAVE_STDBOOL_H 1
| #define HAVE_SYS_TYPES_H 1
| #define HAVE_STDLIB_H 1
| #define HAVE_STDDEF_H 1
| /* end confdefs.h.  */
| #include <stdio.h>
| #ifdef HAVE_SYS_TYPES_H
| # include <sys/types.h>
| #endif
| #ifdef HAVE_SYS_STAT_H
| # include <sys/stat.h>
| #endif
| #ifdef STDC_HEADERS
| # include <stdlib.h>
| # include <stddef.h>
| #else
| # ifdef HAVE_STDLIB_H
| #  include <stdlib.h>
| # endif
| #endif
| #ifdef HAVE_STRING_H
| # if !defined STDC_HEADERS && defined HAVE_MEMORY_H
| #  include <memory.h>
| # endif
| # include <string.h>
| #endif
| #ifdef HAVE_STRINGS_H
| # include <strings.h>
| #endif
| #ifdef HAVE_INTTYPES_H
| # include <inttypes.h>
| #endif
| #ifdef HAVE_STDINT_H
| # include <stdint.h>
| #endif
| #ifdef HAVE_UNISTD_H
| # include <unistd.h>
| #endif
| int
| main ()
| {
| if (sizeof ((size_t)))
| 	    return 0;
|   ;
|   return 0;
| }
configure:10037: result: yes
configure:10052: checking size of short
configure:10057: /mnt/c/Users/chris/Linux/emsdk_portable/emscripten/master/emcc -o conftest -Wall -fsigned-char   conftest.c -lm  >&5
configure:10057: $? = 0
configure:10057: ./conftest
configure:10057: $? = 0
configure:10071: result: 2
configure:10085: checking size of unsigned short
configure:10090: /mnt/c/Users/chris/Linux/emsdk_portable/emscripten/master/emcc -o conftest -Wall -fsigned-char   conftest.c -lm  >&5
configure:10090: $? = 0
configure:10090: ./conftest
configure:10090: $? = 0
configure:10104: result: 2
configure:10118: checking size of int
configure:10123: /mnt/c/Users/chris/Linux/emsdk_portable/emscripten/master/emcc -o conftest -Wall -fsigned-char   conftest.c -lm  >&5
configure:10123: $? = 0
configure:10123: ./conftest
configure:10123: $? = 0
configure:10137: result: 4
configure:10151: checking size of unsigned int
configure:10156: /mnt/c/Users/chris/Linux/emsdk_portable/emscripten/master/emcc -o conftest -Wall -fsigned-char   conftest.c -lm  >&5
configure:10156: $? = 0
configure:10156: ./conftest
configure:10156: $? = 0
configure:10170: result: 4
configure:10184: checking size of long
configure:10189: /mnt/c/Users/chris/Linux/emsdk_portable/emscripten/master/emcc -o conftest -Wall -fsigned-char   conftest.c -lm  >&5
configure:10189: $? = 0
configure:10189: ./conftest
configure:10189: $? = 0
configure:10203: result: 8
configure:10217: checking size of unsigned long
configure:10222: /mnt/c/Users/chris/Linux/emsdk_portable/emscripten/master/emcc -o conftest -Wall -fsigned-char   conftest.c -lm  >&5
configure:10222: $? = 0
configure:10222: ./conftest
configure:10222: $? = 0
configure:10236: result: 8
configure:10250: checking size of long long
configure:10255: /mnt/c/Users/chris/Linux/emsdk_portable/emscripten/master/emcc -o conftest -Wall -fsigned-char   conftest.c -lm  >&5
configure:10255: $? = 0
configure:10255: ./conftest
configure:10255: $? = 0
configure:10269: result: 8
configure:10283: checking size of unsigned long long
configure:10288: /mnt/c/Users/chris/Linux/emsdk_portable/emscripten/master/emcc -o conftest -Wall -fsigned-char   conftest.c -lm  >&5
configure:10288: $? = 0
configure:10288: ./conftest
configure:10288: $? = 0
configure:10302: result: 8
configure:10312: checking for uchar
configure:10312: /mnt/c/Users/chris/Linux/emsdk_portable/emscripten/master/emcc -c -Wall -fsigned-char  conftest.c >&5
conftest.c:80:13: error: use of undeclared identifier 'uchar'
if (sizeof (uchar))
            ^
1 error generated.
ERROR:root:compiler frontend failed to generate LLVM bitcode, halting
configure:10312: $? = 1
configure: failed program was:
| /* confdefs.h */
| #define PACKAGE_NAME "jasper"
| #define PACKAGE_TARNAME "jasper"
| #define PACKAGE_VERSION "1.700.5"
| #define PACKAGE_STRING "jasper 1.700.5"
| #define PACKAGE_BUGREPORT ""
| #define PACKAGE_URL ""
| #define PACKAGE "jasper"
| #define VERSION "1.700.5"
| #define JAS_VERSION "1.700.5"
| #define JAS_CONFIGURE 1
| #define STDC_HEADERS 1
| #define HAVE_SYS_TYPES_H 1
| #define HAVE_SYS_STAT_H 1
| #define HAVE_STDLIB_H 1
| #define HAVE_STRING_H 1
| #define HAVE_MEMORY_H 1
| #define HAVE_STRINGS_H 1
| #define HAVE_INTTYPES_H 1
| #define HAVE_STDINT_H 1
| #define HAVE_UNISTD_H 1
| #define HAVE_DLFCN_H 1
| #define X_DISPLAY_MISSING 1
| #define HAVE_VLA 1
| #define HAVE_LIBM 1
| #define STDC_HEADERS 1
| #define HAVE_FCNTL_H 1
| #define HAVE_LIMITS_H 1
| #define HAVE_UNISTD_H 1
| #define HAVE_STDINT_H 1
| #define HAVE_STDBOOL_H 1
| #define HAVE_SYS_TYPES_H 1
| #define HAVE_STDLIB_H 1
| #define HAVE_STDDEF_H 1
| #define SIZEOF_SHORT 2
| #define SIZEOF_UNSIGNED_SHORT 2
| #define SIZEOF_INT 4
| #define SIZEOF_UNSIGNED_INT 4
| #define SIZEOF_LONG 8
| #define SIZEOF_UNSIGNED_LONG 8
| #define SIZEOF_LONG_LONG 8
| #define SIZEOF_UNSIGNED_LONG_LONG 8
| /* end confdefs.h.  */
| #include <stdio.h>
| #ifdef HAVE_SYS_TYPES_H
| # include <sys/types.h>
| #endif
| #ifdef HAVE_SYS_STAT_H
| # include <sys/stat.h>
| #endif
| #ifdef STDC_HEADERS
| # include <stdlib.h>
| # include <stddef.h>
| #else
| # ifdef HAVE_STDLIB_H
| #  include <stdlib.h>
| # endif
| #endif
| #ifdef HAVE_STRING_H
| # if !defined STDC_HEADERS && defined HAVE_MEMORY_H
| #  include <memory.h>
| # endif
| # include <string.h>
| #endif
| #ifdef HAVE_STRINGS_H
| # include <strings.h>
| #endif
| #ifdef HAVE_INTTYPES_H
| # include <inttypes.h>
| #endif
| #ifdef HAVE_STDINT_H
| # include <stdint.h>
| #endif
| #ifdef HAVE_UNISTD_H
| # include <unistd.h>
| #endif
| int
| main ()
| {
| if (sizeof (uchar))
| 	 return 0;
|   ;
|   return 0;
| }
configure:10312: result: no
configure:10323: checking for ushort
configure:10323: /mnt/c/Users/chris/Linux/emsdk_portable/emscripten/master/emcc -c -Wall -fsigned-char  conftest.c >&5
configure:10323: $? = 0
configure:10323: /mnt/c/Users/chris/Linux/emsdk_portable/emscripten/master/emcc -c -Wall -fsigned-char  conftest.c >&5
conftest.c:81:21: error: expected expression
if (sizeof ((ushort)))
                    ^
1 error generated.
ERROR:root:compiler frontend failed to generate LLVM bitcode, halting
configure:10323: $? = 1
configure: failed program was:
| /* confdefs.h */
| #define PACKAGE_NAME "jasper"
| #define PACKAGE_TARNAME "jasper"
| #define PACKAGE_VERSION "1.700.5"
| #define PACKAGE_STRING "jasper 1.700.5"
| #define PACKAGE_BUGREPORT ""
| #define PACKAGE_URL ""
| #define PACKAGE "jasper"
| #define VERSION "1.700.5"
| #define JAS_VERSION "1.700.5"
| #define JAS_CONFIGURE 1
| #define STDC_HEADERS 1
| #define HAVE_SYS_TYPES_H 1
| #define HAVE_SYS_STAT_H 1
| #define HAVE_STDLIB_H 1
| #define HAVE_STRING_H 1
| #define HAVE_MEMORY_H 1
| #define HAVE_STRINGS_H 1
| #define HAVE_INTTYPES_H 1
| #define HAVE_STDINT_H 1
| #define HAVE_UNISTD_H 1
| #define HAVE_DLFCN_H 1
| #define X_DISPLAY_MISSING 1
| #define HAVE_VLA 1
| #define HAVE_LIBM 1
| #define STDC_HEADERS 1
| #define HAVE_FCNTL_H 1
| #define HAVE_LIMITS_H 1
| #define HAVE_UNISTD_H 1
| #define HAVE_STDINT_H 1
| #define HAVE_STDBOOL_H 1
| #define HAVE_SYS_TYPES_H 1
| #define HAVE_STDLIB_H 1
| #define HAVE_STDDEF_H 1
| #define SIZEOF_SHORT 2
| #define SIZEOF_UNSIGNED_SHORT 2
| #define SIZEOF_INT 4
| #define SIZEOF_UNSIGNED_INT 4
| #define SIZEOF_LONG 8
| #define SIZEOF_UNSIGNED_LONG 8
| #define SIZEOF_LONG_LONG 8
| #define SIZEOF_UNSIGNED_LONG_LONG 8
| #define uchar unsigned char
| /* end confdefs.h.  */
| #include <stdio.h>
| #ifdef HAVE_SYS_TYPES_H
| # include <sys/types.h>
| #endif
| #ifdef HAVE_SYS_STAT_H
| # include <sys/stat.h>
| #endif
| #ifdef STDC_HEADERS
| # include <stdlib.h>
| # include <stddef.h>
| #else
| # ifdef HAVE_STDLIB_H
| #  include <stdlib.h>
| # endif
| #endif
| #ifdef HAVE_STRING_H
| # if !defined STDC_HEADERS && defined HAVE_MEMORY_H
| #  include <memory.h>
| # endif
| # include <string.h>
| #endif
| #ifdef HAVE_STRINGS_H
| # include <strings.h>
| #endif
| #ifdef HAVE_INTTYPES_H
| # include <inttypes.h>
| #endif
| #ifdef HAVE_STDINT_H
| # include <stdint.h>
| #endif
| #ifdef HAVE_UNISTD_H
| # include <unistd.h>
| #endif
| int
| main ()
| {
| if (sizeof ((ushort)))
| 	    return 0;
|   ;
|   return 0;
| }
configure:10323: result: yes
configure:10334: checking for uint
configure:10334: /mnt/c/Users/chris/Linux/emsdk_portable/emscripten/master/emcc -c -Wall -fsigned-char  conftest.c >&5
configure:10334: $? = 0
configure:10334: /mnt/c/Users/chris/Linux/emsdk_portable/emscripten/master/emcc -c -Wall -fsigned-char  conftest.c >&5
conftest.c:81:19: error: expected expression
if (sizeof ((uint)))
                  ^
1 error generated.
ERROR:root:compiler frontend failed to generate LLVM bitcode, halting
configure:10334: $? = 1
configure: failed program was:
| /* confdefs.h */
| #define PACKAGE_NAME "jasper"
| #define PACKAGE_TARNAME "jasper"
| #define PACKAGE_VERSION "1.700.5"
| #define PACKAGE_STRING "jasper 1.700.5"
| #define PACKAGE_BUGREPORT ""
| #define PACKAGE_URL ""
| #define PACKAGE "jasper"
| #define VERSION "1.700.5"
| #define JAS_VERSION "1.700.5"
| #define JAS_CONFIGURE 1
| #define STDC_HEADERS 1
| #define HAVE_SYS_TYPES_H 1
| #define HAVE_SYS_STAT_H 1
| #define HAVE_STDLIB_H 1
| #define HAVE_STRING_H 1
| #define HAVE_MEMORY_H 1
| #define HAVE_STRINGS_H 1
| #define HAVE_INTTYPES_H 1
| #define HAVE_STDINT_H 1
| #define HAVE_UNISTD_H 1
| #define HAVE_DLFCN_H 1
| #define X_DISPLAY_MISSING 1
| #define HAVE_VLA 1
| #define HAVE_LIBM 1
| #define STDC_HEADERS 1
| #define HAVE_FCNTL_H 1
| #define HAVE_LIMITS_H 1
| #define HAVE_UNISTD_H 1
| #define HAVE_STDINT_H 1
| #define HAVE_STDBOOL_H 1
| #define HAVE_SYS_TYPES_H 1
| #define HAVE_STDLIB_H 1
| #define HAVE_STDDEF_H 1
| #define SIZEOF_SHORT 2
| #define SIZEOF_UNSIGNED_SHORT 2
| #define SIZEOF_INT 4
| #define SIZEOF_UNSIGNED_INT 4
| #define SIZEOF_LONG 8
| #define SIZEOF_UNSIGNED_LONG 8
| #define SIZEOF_LONG_LONG 8
| #define SIZEOF_UNSIGNED_LONG_LONG 8
| #define uchar unsigned char
| /* end confdefs.h.  */
| #include <stdio.h>
| #ifdef HAVE_SYS_TYPES_H
| # include <sys/types.h>
| #endif
| #ifdef HAVE_SYS_STAT_H
| # include <sys/stat.h>
| #endif
| #ifdef STDC_HEADERS
| # include <stdlib.h>
| # include <stddef.h>
| #else
| # ifdef HAVE_STDLIB_H
| #  include <stdlib.h>
| # endif
| #endif
| #ifdef HAVE_STRING_H
| # if !defined STDC_HEADERS && defined HAVE_MEMORY_H
| #  include <memory.h>
| # endif
| # include <string.h>
| #endif
| #ifdef HAVE_STRINGS_H
| # include <strings.h>
| #endif
| #ifdef HAVE_INTTYPES_H
| # include <inttypes.h>
| #endif
| #ifdef HAVE_STDINT_H
| # include <stdint.h>
| #endif
| #ifdef HAVE_UNISTD_H
| # include <unistd.h>
| #endif
| int
| main ()
| {
| if (sizeof ((uint)))
| 	    return 0;
|   ;
|   return 0;
| }
configure:10334: result: yes
configure:10345: checking for ulong
configure:10345: /mnt/c/Users/chris/Linux/emsdk_portable/emscripten/master/emcc -c -Wall -fsigned-char  conftest.c >&5
configure:10345: $? = 0
configure:10345: /mnt/c/Users/chris/Linux/emsdk_portable/emscripten/master/emcc -c -Wall -fsigned-char  conftest.c >&5
conftest.c:81:20: error: expected expression
if (sizeof ((ulong)))
                   ^
1 error generated.
ERROR:root:compiler frontend failed to generate LLVM bitcode, halting
configure:10345: $? = 1
configure: failed program was:
| /* confdefs.h */
| #define PACKAGE_NAME "jasper"
| #define PACKAGE_TARNAME "jasper"
| #define PACKAGE_VERSION "1.700.5"
| #define PACKAGE_STRING "jasper 1.700.5"
| #define PACKAGE_BUGREPORT ""
| #define PACKAGE_URL ""
| #define PACKAGE "jasper"
| #define VERSION "1.700.5"
| #define JAS_VERSION "1.700.5"
| #define JAS_CONFIGURE 1
| #define STDC_HEADERS 1
| #define HAVE_SYS_TYPES_H 1
| #define HAVE_SYS_STAT_H 1
| #define HAVE_STDLIB_H 1
| #define HAVE_STRING_H 1
| #define HAVE_MEMORY_H 1
| #define HAVE_STRINGS_H 1
| #define HAVE_INTTYPES_H 1
| #define HAVE_STDINT_H 1
| #define HAVE_UNISTD_H 1
| #define HAVE_DLFCN_H 1
| #define X_DISPLAY_MISSING 1
| #define HAVE_VLA 1
| #define HAVE_LIBM 1
| #define STDC_HEADERS 1
| #define HAVE_FCNTL_H 1
| #define HAVE_LIMITS_H 1
| #define HAVE_UNISTD_H 1
| #define HAVE_STDINT_H 1
| #define HAVE_STDBOOL_H 1
| #define HAVE_SYS_TYPES_H 1
| #define HAVE_STDLIB_H 1
| #define HAVE_STDDEF_H 1
| #define SIZEOF_SHORT 2
| #define SIZEOF_UNSIGNED_SHORT 2
| #define SIZEOF_INT 4
| #define SIZEOF_UNSIGNED_INT 4
| #define SIZEOF_LONG 8
| #define SIZEOF_UNSIGNED_LONG 8
| #define SIZEOF_LONG_LONG 8
| #define SIZEOF_UNSIGNED_LONG_LONG 8
| #define uchar unsigned char
| /* end confdefs.h.  */
| #include <stdio.h>
| #ifdef HAVE_SYS_TYPES_H
| # include <sys/types.h>
| #endif
| #ifdef HAVE_SYS_STAT_H
| # include <sys/stat.h>
| #endif
| #ifdef STDC_HEADERS
| # include <stdlib.h>
| # include <stddef.h>
| #else
| # ifdef HAVE_STDLIB_H
| #  include <stdlib.h>
| # endif
| #endif
| #ifdef HAVE_STRING_H
| # if !defined STDC_HEADERS && defined HAVE_MEMORY_H
| #  include <memory.h>
| # endif
| # include <string.h>
| #endif
| #ifdef HAVE_STRINGS_H
| # include <strings.h>
| #endif
| #ifdef HAVE_INTTYPES_H
| # include <inttypes.h>
| #endif
| #ifdef HAVE_STDINT_H
| # include <stdint.h>
| #endif
| #ifdef HAVE_UNISTD_H
| # include <unistd.h>
| #endif
| int
| main ()
| {
| if (sizeof ((ulong)))
| 	    return 0;
|   ;
|   return 0;
| }
configure:10345: result: yes
configure:10356: checking for longlong
configure:10356: /mnt/c/Users/chris/Linux/emsdk_portable/emscripten/master/emcc -c -Wall -fsigned-char  conftest.c >&5
conftest.c:81:13: error: use of undeclared identifier 'longlong'
if (sizeof (longlong))
            ^
1 error generated.
ERROR:root:compiler frontend failed to generate LLVM bitcode, halting
configure:10356: $? = 1
configure: failed program was:
| /* confdefs.h */
| #define PACKAGE_NAME "jasper"
| #define PACKAGE_TARNAME "jasper"
| #define PACKAGE_VERSION "1.700.5"
| #define PACKAGE_STRING "jasper 1.700.5"
| #define PACKAGE_BUGREPORT ""
| #define PACKAGE_URL ""
| #define PACKAGE "jasper"
| #define VERSION "1.700.5"
| #define JAS_VERSION "1.700.5"
| #define JAS_CONFIGURE 1
| #define STDC_HEADERS 1
| #define HAVE_SYS_TYPES_H 1
| #define HAVE_SYS_STAT_H 1
| #define HAVE_STDLIB_H 1
| #define HAVE_STRING_H 1
| #define HAVE_MEMORY_H 1
| #define HAVE_STRINGS_H 1
| #define HAVE_INTTYPES_H 1
| #define HAVE_STDINT_H 1
| #define HAVE_UNISTD_H 1
| #define HAVE_DLFCN_H 1
| #define X_DISPLAY_MISSING 1
| #define HAVE_VLA 1
| #define HAVE_LIBM 1
| #define STDC_HEADERS 1
| #define HAVE_FCNTL_H 1
| #define HAVE_LIMITS_H 1
| #define HAVE_UNISTD_H 1
| #define HAVE_STDINT_H 1
| #define HAVE_STDBOOL_H 1
| #define HAVE_SYS_TYPES_H 1
| #define HAVE_STDLIB_H 1
| #define HAVE_STDDEF_H 1
| #define SIZEOF_SHORT 2
| #define SIZEOF_UNSIGNED_SHORT 2
| #define SIZEOF_INT 4
| #define SIZEOF_UNSIGNED_INT 4
| #define SIZEOF_LONG 8
| #define SIZEOF_UNSIGNED_LONG 8
| #define SIZEOF_LONG_LONG 8
| #define SIZEOF_UNSIGNED_LONG_LONG 8
| #define uchar unsigned char
| /* end confdefs.h.  */
| #include <stdio.h>
| #ifdef HAVE_SYS_TYPES_H
| # include <sys/types.h>
| #endif
| #ifdef HAVE_SYS_STAT_H
| # include <sys/stat.h>
| #endif
| #ifdef STDC_HEADERS
| # include <stdlib.h>
| # include <stddef.h>
| #else
| # ifdef HAVE_STDLIB_H
| #  include <stdlib.h>
| # endif
| #endif
| #ifdef HAVE_STRING_H
| # if !defined STDC_HEADERS && defined HAVE_MEMORY_H
| #  include <memory.h>
| # endif
| # include <string.h>
| #endif
| #ifdef HAVE_STRINGS_H
| # include <strings.h>
| #endif
| #ifdef HAVE_INTTYPES_H
| # include <inttypes.h>
| #endif
| #ifdef HAVE_STDINT_H
| # include <stdint.h>
| #endif
| #ifdef HAVE_UNISTD_H
| # include <unistd.h>
| #endif
| int
| main ()
| {
| if (sizeof (longlong))
| 	 return 0;
|   ;
|   return 0;
| }
configure:10356: result: no
configure:10367: checking for ulonglong
configure:10367: /mnt/c/Users/chris/Linux/emsdk_portable/emscripten/master/emcc -c -Wall -fsigned-char  conftest.c >&5
conftest.c:82:13: error: use of undeclared identifier 'ulonglong'
if (sizeof (ulonglong))
            ^
1 error generated.
ERROR:root:compiler frontend failed to generate LLVM bitcode, halting
configure:10367: $? = 1
configure: failed program was:
| /* confdefs.h */
| #define PACKAGE_NAME "jasper"
| #define PACKAGE_TARNAME "jasper"
| #define PACKAGE_VERSION "1.700.5"
| #define PACKAGE_STRING "jasper 1.700.5"
| #define PACKAGE_BUGREPORT ""
| #define PACKAGE_URL ""
| #define PACKAGE "jasper"
| #define VERSION "1.700.5"
| #define JAS_VERSION "1.700.5"
| #define JAS_CONFIGURE 1
| #define STDC_HEADERS 1
| #define HAVE_SYS_TYPES_H 1
| #define HAVE_SYS_STAT_H 1
| #define HAVE_STDLIB_H 1
| #define HAVE_STRING_H 1
| #define HAVE_MEMORY_H 1
| #define HAVE_STRINGS_H 1
| #define HAVE_INTTYPES_H 1
| #define HAVE_STDINT_H 1
| #define HAVE_UNISTD_H 1
| #define HAVE_DLFCN_H 1
| #define X_DISPLAY_MISSING 1
| #define HAVE_VLA 1
| #define HAVE_LIBM 1
| #define STDC_HEADERS 1
| #define HAVE_FCNTL_H 1
| #define HAVE_LIMITS_H 1
| #define HAVE_UNISTD_H 1
| #define HAVE_STDINT_H 1
| #define HAVE_STDBOOL_H 1
| #define HAVE_SYS_TYPES_H 1
| #define HAVE_STDLIB_H 1
| #define HAVE_STDDEF_H 1
| #define SIZEOF_SHORT 2
| #define SIZEOF_UNSIGNED_SHORT 2
| #define SIZEOF_INT 4
| #define SIZEOF_UNSIGNED_INT 4
| #define SIZEOF_LONG 8
| #define SIZEOF_UNSIGNED_LONG 8
| #define SIZEOF_LONG_LONG 8
| #define SIZEOF_UNSIGNED_LONG_LONG 8
| #define uchar unsigned char
| #define longlong long long
| /* end confdefs.h.  */
| #include <stdio.h>
| #ifdef HAVE_SYS_TYPES_H
| # include <sys/types.h>
| #endif
| #ifdef HAVE_SYS_STAT_H
| # include <sys/stat.h>
| #endif
| #ifdef STDC_HEADERS
| # include <stdlib.h>
| # include <stddef.h>
| #else
| # ifdef HAVE_STDLIB_H
| #  include <stdlib.h>
| # endif
| #endif
| #ifdef HAVE_STRING_H
| # if !defined STDC_HEADERS && defined HAVE_MEMORY_H
| #  include <memory.h>
| # endif
| # include <string.h>
| #endif
| #ifdef HAVE_STRINGS_H
| # include <strings.h>
| #endif
| #ifdef HAVE_INTTYPES_H
| # include <inttypes.h>
| #endif
| #ifdef HAVE_STDINT_H
| # include <stdint.h>
| #endif
| #ifdef HAVE_UNISTD_H
| # include <unistd.h>
| #endif
| int
| main ()
| {
| if (sizeof (ulonglong))
| 	 return 0;
|   ;
|   return 0;
| }
configure:10367: result: no
configure:10378: checking for ssize_t
configure:10378: /mnt/c/Users/chris/Linux/emsdk_portable/emscripten/master/emcc -c -Wall -fsigned-char  conftest.c >&5
configure:10378: $? = 0
configure:10378: /mnt/c/Users/chris/Linux/emsdk_portable/emscripten/master/emcc -c -Wall -fsigned-char  conftest.c >&5
conftest.c:83:22: error: expected expression
if (sizeof ((ssize_t)))
                     ^
1 error generated.
ERROR:root:compiler frontend failed to generate LLVM bitcode, halting
configure:10378: $? = 1
configure: failed program was:
| /* confdefs.h */
| #define PACKAGE_NAME "jasper"
| #define PACKAGE_TARNAME "jasper"
| #define PACKAGE_VERSION "1.700.5"
| #define PACKAGE_STRING "jasper 1.700.5"
| #define PACKAGE_BUGREPORT ""
| #define PACKAGE_URL ""
| #define PACKAGE "jasper"
| #define VERSION "1.700.5"
| #define JAS_VERSION "1.700.5"
| #define JAS_CONFIGURE 1
| #define STDC_HEADERS 1
| #define HAVE_SYS_TYPES_H 1
| #define HAVE_SYS_STAT_H 1
| #define HAVE_STDLIB_H 1
| #define HAVE_STRING_H 1
| #define HAVE_MEMORY_H 1
| #define HAVE_STRINGS_H 1
| #define HAVE_INTTYPES_H 1
| #define HAVE_STDINT_H 1
| #define HAVE_UNISTD_H 1
| #define HAVE_DLFCN_H 1
| #define X_DISPLAY_MISSING 1
| #define HAVE_VLA 1
| #define HAVE_LIBM 1
| #define STDC_HEADERS 1
| #define HAVE_FCNTL_H 1
| #define HAVE_LIMITS_H 1
| #define HAVE_UNISTD_H 1
| #define HAVE_STDINT_H 1
| #define HAVE_STDBOOL_H 1
| #define HAVE_SYS_TYPES_H 1
| #define HAVE_STDLIB_H 1
| #define HAVE_STDDEF_H 1
| #define SIZEOF_SHORT 2
| #define SIZEOF_UNSIGNED_SHORT 2
| #define SIZEOF_INT 4
| #define SIZEOF_UNSIGNED_INT 4
| #define SIZEOF_LONG 8
| #define SIZEOF_UNSIGNED_LONG 8
| #define SIZEOF_LONG_LONG 8
| #define SIZEOF_UNSIGNED_LONG_LONG 8
| #define uchar unsigned char
| #define longlong long long
| #define ulonglong unsigned long long
| /* end confdefs.h.  */
| #include <stdio.h>
| #ifdef HAVE_SYS_TYPES_H
| # include <sys/types.h>
| #endif
| #ifdef HAVE_SYS_STAT_H
| # include <sys/stat.h>
| #endif
| #ifdef STDC_HEADERS
| # include <stdlib.h>
| # include <stddef.h>
| #else
| # ifdef HAVE_STDLIB_H
| #  include <stdlib.h>
| # endif
| #endif
| #ifdef HAVE_STRING_H
| # if !defined STDC_HEADERS && defined HAVE_MEMORY_H
| #  include <memory.h>
| # endif
| # include <string.h>
| #endif
| #ifdef HAVE_STRINGS_H
| # include <strings.h>
| #endif
| #ifdef HAVE_INTTYPES_H
| # include <inttypes.h>
| #endif
| #ifdef HAVE_STDINT_H
| # include <stdint.h>
| #endif
| #ifdef HAVE_UNISTD_H
| # include <unistd.h>
| #endif
| int
| main ()
| {
| if (sizeof ((ssize_t)))
| 	    return 0;
|   ;
|   return 0;
| }
configure:10378: result: yes
configure:10396: checking for vprintf
configure:10396: /mnt/c/Users/chris/Linux/emsdk_portable/emscripten/master/emcc -o conftest -Wall -fsigned-char   conftest.c -lm  >&5
conftest.c:70:6: warning: incompatible redeclaration of library function 'vprintf' [-Wincompatible-library-redeclaration]
char vprintf ();
     ^
conftest.c:70:6: note: 'vprintf' is a builtin with type 'int (const char *, int *)'
1 warning generated.
[0;33mwarning:[0m unexpected number of arguments 0 in call to 'vprintf', should be 2
configure:10396: $? = 0
configure:10396: result: yes
configure:10402: checking for _doprnt
configure:10402: /mnt/c/Users/chris/Linux/emsdk_portable/emscripten/master/emcc -o conftest -Wall -fsigned-char   conftest.c -lm  >&5
[0;33mwarning:[0m unexpected number of arguments 0 in call to '_doprnt', should be 1
error: unresolved symbol: _doprnt
Aborting compilation due to previous errors | undefined
Traceback (most recent call last):
  File "/mnt/c/Users/chris/Linux/emsdk_portable/emscripten/master/emcc", line 13, in <module>
    emcc.run()
  File "/mnt/c/Users/chris/Linux/emsdk_portable/emscripten/master/emcc.py", line 1620, in run
    final = shared.Building.emscripten(final, append_ext=False, extra_args=extra_args)
  File "/mnt/c/Users/chris/Linux/emsdk_portable/emscripten/master/tools/shared.py", line 1745, in emscripten
    call_emscripten(cmdline)
  File "/mnt/c/Users/chris/Linux/emsdk_portable/emscripten/master/emscripten.py", line 1783, in _main
    temp_files.run_and_clean(lambda: main(
  File "/mnt/c/Users/chris/Linux/emsdk_portable/emscripten/master/tools/tempfiles.py", line 78, in run_and_clean
    return func()
  File "/mnt/c/Users/chris/Linux/emsdk_portable/emscripten/master/emscripten.py", line 1788, in <lambda>
    DEBUG=DEBUG,
  File "/mnt/c/Users/chris/Linux/emsdk_portable/emscripten/master/emscripten.py", line 1689, in main
    temp_files=temp_files, DEBUG=DEBUG)
  File "/mnt/c/Users/chris/Linux/emsdk_portable/emscripten/master/emscripten.py", line 93, in emscript
    glue, forwarded_data = compiler_glue(metadata, settings, libraries, compiler_engine, temp_files, DEBUG)
  File "/mnt/c/Users/chris/Linux/emsdk_portable/emscripten/master/emscripten.py", line 293, in compiler_glue
    cwd=path_from_root('src'), error_limit=300)
  File "/mnt/c/Users/chris/Linux/emsdk_portable/emscripten/master/tools/jsrun.py", line 122, in run_js
    raise Exception('Expected the command ' + str(command) + ' to finish with return code ' + str(assert_returncode) + ', but it returned with code ' + str(proc.returncode) + ' instead! Output: ' + str(ret)[:error_limit])
Exception: Expected the command ['/mnt/c/Users/chris/Linux/emsdk_portable/node/4.1.1_64bit/bin/node', '/mnt/c/Users/chris/Linux/emsdk_portable/emscripten/master/src/compiler.js', '/tmp/tmpOkxszY.txt', '/mnt/c/Users/chris/Linux/emsdk_portable/emscripten/master/src/library_pthread_stub.js'] to finish with return code 0, but it returned with code 1 instead! Output: // The Module object: Our interface to the outside world. We import
// and export values on it, and do the work to get that through
// closure compiler if necessary. There are various ways Module can be used:
// 1. Not defined. We create it here
// 2. A function parameter, function(Module) { ..gener
configure:10402: $? = 1
configure: failed program was:
| /* confdefs.h */
| #define PACKAGE_NAME "jasper"
| #define PACKAGE_TARNAME "jasper"
| #define PACKAGE_VERSION "1.700.5"
| #define PACKAGE_STRING "jasper 1.700.5"
| #define PACKAGE_BUGREPORT ""
| #define PACKAGE_URL ""
| #define PACKAGE "jasper"
| #define VERSION "1.700.5"
| #define JAS_VERSION "1.700.5"
| #define JAS_CONFIGURE 1
| #define STDC_HEADERS 1
| #define HAVE_SYS_TYPES_H 1
| #define HAVE_SYS_STAT_H 1
| #define HAVE_STDLIB_H 1
| #define HAVE_STRING_H 1
| #define HAVE_MEMORY_H 1
| #define HAVE_STRINGS_H 1
| #define HAVE_INTTYPES_H 1
| #define HAVE_STDINT_H 1
| #define HAVE_UNISTD_H 1
| #define HAVE_DLFCN_H 1
| #define X_DISPLAY_MISSING 1
| #define HAVE_VLA 1
| #define HAVE_LIBM 1
| #define STDC_HEADERS 1
| #define HAVE_FCNTL_H 1
| #define HAVE_LIMITS_H 1
| #define HAVE_UNISTD_H 1
| #define HAVE_STDINT_H 1
| #define HAVE_STDBOOL_H 1
| #define HAVE_SYS_TYPES_H 1
| #define HAVE_STDLIB_H 1
| #define HAVE_STDDEF_H 1
| #define SIZEOF_SHORT 2
| #define SIZEOF_UNSIGNED_SHORT 2
| #define SIZEOF_INT 4
| #define SIZEOF_UNSIGNED_INT 4
| #define SIZEOF_LONG 8
| #define SIZEOF_UNSIGNED_LONG 8
| #define SIZEOF_LONG_LONG 8
| #define SIZEOF_UNSIGNED_LONG_LONG 8
| #define uchar unsigned char
| #define longlong long long
| #define ulonglong unsigned long long
| #define HAVE_VPRINTF 1
| /* end confdefs.h.  */
| /* Define _doprnt to an innocuous variant, in case <limits.h> declares _doprnt.
|    For example, HP-UX 11i <limits.h> declares gettimeofday.  */
| #define _doprnt innocuous__doprnt
| 
| /* System header to define __stub macros and hopefully few prototypes,
|     which can conflict with char _doprnt (); below.
|     Prefer <limits.h> to <assert.h> if __STDC__ is defined, since
|     <limits.h> exists even on freestanding compilers.  */
| 
| #ifdef __STDC__
| # include <limits.h>
| #else
| # include <assert.h>
| #endif
| 
| #undef _doprnt
| 
| /* Override any GCC internal prototype to avoid an error.
|    Use char because int might match the return type of a GCC
|    builtin and then its argument prototype would still apply.  */
| #ifdef __cplusplus
| extern "C"
| #endif
| char _doprnt ();
| /* The GNU C library defines this for functions which it implements
|     to always fail with ENOSYS.  Some functions are actually named
|     something starting with __ and the normal name is an alias.  */
| #if defined __stub__doprnt || defined __stub____doprnt
| choke me
| #endif
| 
| int
| main ()
| {
| return _doprnt ();
|   ;
|   return 0;
| }
configure:10402: result: no
configure:10624: creating ./config.status

## ---------------- ##
## Cache variables. ##
## ---------------- ##

ac_cv_build=x86_64-unknown-linux-gnu
ac_cv_c_bigendian=no
ac_cv_c_compiler_gnu=yes
ac_cv_c_const=yes
ac_cv_c_inline=inline
ac_cv_env_CC_set=set
ac_cv_env_CC_value=/mnt/c/Users/chris/Linux/emsdk_portable/emscripten/master/emcc
ac_cv_env_CFLAGS_set=set
ac_cv_env_CFLAGS_value='-Wall -fsigned-char'
ac_cv_env_CPPFLAGS_set=
ac_cv_env_CPPFLAGS_value=
ac_cv_env_CPP_set=
ac_cv_env_CPP_value=
ac_cv_env_LDFLAGS_set=
ac_cv_env_LDFLAGS_value=
ac_cv_env_LIBS_set=
ac_cv_env_LIBS_value=
ac_cv_env_XMKMF_set=
ac_cv_env_XMKMF_value=
ac_cv_env_build_alias_set=
ac_cv_env_build_alias_value=
ac_cv_env_host_alias_set=
ac_cv_env_host_alias_value=
ac_cv_env_target_alias_set=
ac_cv_env_target_alias_value=
ac_cv_func__doprnt=no
ac_cv_func_vprintf=yes
ac_cv_have_x=have_x=no
ac_cv_header_GL_glut_h=yes
ac_cv_header_dlfcn_h=yes
ac_cv_header_fcntl_h=yes
ac_cv_header_inttypes_h=yes
ac_cv_header_io_h=no
ac_cv_header_limits_h=yes
ac_cv_header_memory_h=yes
ac_cv_header_stdbool_h=yes
ac_cv_header_stdc=yes
ac_cv_header_stddef_h=yes
ac_cv_header_stdint_h=yes
ac_cv_header_stdlib_h=yes
ac_cv_header_string_h=yes
ac_cv_header_strings_h=yes
ac_cv_header_sys_stat_h=yes
ac_cv_header_sys_types_h=yes
ac_cv_header_unistd_h=yes
ac_cv_header_windows_h=no
ac_cv_host=x86_64-unknown-linux-gnu
ac_cv_lib_glut_glutInit=yes
ac_cv_lib_jpeg_jpeg_destroy=no
ac_cv_lib_m_main=yes
ac_cv_objext=o
ac_cv_path_EGREP='/bin/grep -E'
ac_cv_path_GREP=/bin/grep
ac_cv_path_install='/usr/bin/install -c'
ac_cv_prog_AWK=gawk
ac_cv_prog_CPP='/mnt/c/Users/chris/Linux/emsdk_portable/emscripten/master/emcc -E'
ac_cv_prog_ac_ct_CC=/mnt/c/Users/chris/Linux/emsdk_portable/emscripten/master/emcc
ac_cv_prog_ac_ct_RANLIB=/mnt/c/Users/chris/Linux/emsdk_portable/emscripten/master/emranlib
ac_cv_prog_ac_ct_STRIP=strip
ac_cv_prog_cc_c89=
ac_cv_prog_cc_g=yes
ac_cv_prog_make_make_set=yes
ac_cv_sizeof_int=4
ac_cv_sizeof_long=8
ac_cv_sizeof_long_long=8
ac_cv_sizeof_short=2
ac_cv_sizeof_unsigned_int=4
ac_cv_sizeof_unsigned_long=8
ac_cv_sizeof_unsigned_long_long=8
ac_cv_sizeof_unsigned_short=2
ac_cv_target=x86_64-unknown-linux-gnu
ac_cv_type_longlong=no
ac_cv_type_size_t=yes
ac_cv_type_ssize_t=yes
ac_cv_type_uchar=no
ac_cv_type_uint=yes
ac_cv_type_ulong=yes
ac_cv_type_ulonglong=no
ac_cv_type_ushort=yes
am_cv_CC_dependencies_compiler_type=gcc3
lt_cv_compiler_c_o=yes
lt_cv_compiler_o_lo=no
lt_cv_deplibs_check_method=pass_all
lt_cv_file_magic_cmd='$MAGIC_CMD'
lt_cv_file_magic_test_file='/lib/libc.so* /lib/libc-*.so'
lt_cv_global_symbol_to_c_name_address='sed -n -e '\''s/^: \([^ ]*\) $/  {\"\1\", (lt_ptr) 0},/p'\'' -e '\''s/^[BCDEGRST] \([^ ]*\) \([^ ]*\)$/  {"\2", (lt_ptr) \&\2},/p'\'''
lt_cv_global_symbol_to_cdecl='sed -n -e '\''s/^. .* \(.*\)$/extern char \1;/p'\'''
lt_cv_ld_reload_flag=-r
lt_cv_path_LD=/mnt/c/Users/chris/Linux/emsdk_portable/emscripten/master/emcc
lt_cv_path_NM=/mnt/c/Users/chris/Linux/emsdk_portable/clang/fastcomp/build_master_64/bin/llvm-nm
lt_cv_path_SED=/bin/sed
lt_cv_prog_cc_can_build_shared=yes
lt_cv_prog_cc_no_builtin=
lt_cv_prog_cc_pic=' -fPIC'
lt_cv_prog_cc_pic_works=yes
lt_cv_prog_cc_shlib=
lt_cv_prog_cc_static=-static
lt_cv_prog_cc_static_works=yes
lt_cv_prog_cc_wl=-Wl,
lt_cv_prog_gnu_ld=yes
lt_cv_sys_global_symbol_pipe='sed -n -e '\''s/^.*[ 	]\([BCDEGRST][BCDEGRST]*\)[ 	][ 	]*\(\)\([_A-Za-z][_A-Za-z0-9]*\)$/\1 \2\3 \3/p'\'''

## ----------------- ##
## Output variables. ##
## ----------------- ##

ACLOCAL='${SHELL} /mnt/c/Users/chris/Linux/degrib/src/jpeg2000/acaux/missing --run aclocal-1.6'
AMDEPBACKSLASH='\'
AMDEP_FALSE='#'
AMDEP_TRUE=''
AMTAR='${SHELL} /mnt/c/Users/chris/Linux/degrib/src/jpeg2000/acaux/missing --run tar'
AUTOCONF='${SHELL} /mnt/c/Users/chris/Linux/degrib/src/jpeg2000/acaux/missing --run autoconf'
AUTOHEADER='${SHELL} /mnt/c/Users/chris/Linux/degrib/src/jpeg2000/acaux/missing --run autoheader'
AUTOMAKE='${SHELL} /mnt/c/Users/chris/Linux/degrib/src/jpeg2000/acaux/missing --run automake-1.6'
AWK='gawk'
CC='/mnt/c/Users/chris/Linux/emsdk_portable/emscripten/master/emcc'
CCDEPMODE='depmode=gcc3'
CFLAGS='-Wall -fsigned-char -W -Wall -Wno-long-long -Wformat -Wmissing-prototypes -Wstrict-prototypes -pedantic'
CPP='/mnt/c/Users/chris/Linux/emsdk_portable/emscripten/master/emcc -E'
CPPFLAGS=''
DEFS='-DHAVE_CONFIG_H'
DEPDIR='.deps'
ECHO='echo'
ECHO_C=''
ECHO_N='-n'
ECHO_T=''
EGREP='/bin/grep -E'
EXEEXT=''
GREP='/bin/grep'
HAVE_LIBJPEG_FALSE=''
HAVE_LIBJPEG_TRUE='#'
HAVE_OPENGL_FALSE='#'
HAVE_OPENGL_TRUE=''
INSTALL_DATA='${INSTALL} -m 644'
INSTALL_PROGRAM='${INSTALL}'
INSTALL_SCRIPT='${INSTALL}'
INSTALL_STRIP_PROGRAM='${SHELL} $(install_sh) -c -s'
JAS_MAJOR_VERSION='1'
JAS_MICRO_VERSION='5'
JAS_MINOR_VERSION='700'
JAS_RPM_RELEASE='1'
JAS_VERSION='1.700.5'
LDFLAGS=''
LIBOBJS=''
LIBS='-lm '
LIBTOOL='$(SHELL) $(top_builddir)/libtool'
LN_S='ln -s'
LTLIBOBJS=''
LT_AGE='0'
LT_CURRENT='1'
LT_RELEASE='1.700'
LT_REVISION='0'
MAKEINFO='${SHELL} /mnt/c/Users/chris/Linux/degrib/src/jpeg2000/acaux/missing --run makeinfo'
OBJEXT='o'
OPENGL_LIBS='-lglut -lGL -lGLU  -lX11 -lXmu -lXi -lXext -lXt  '
PACKAGE='jasper'
PACKAGE_BUGREPORT=''
PACKAGE_NAME='jasper'
PACKAGE_STRING='jasper 1.700.5'
PACKAGE_TARNAME='jasper'
PACKAGE_URL=''
PACKAGE_VERSION='1.700.5'
PATH_SEPARATOR=':'
RANLIB='/mnt/c/Users/chris/Linux/emsdk_portable/emscripten/master/emranlib'
SET_MAKE=''
SHELL='/bin/bash'
STRIP='strip'
VERSION='1.700.5'
XMKMF=''
X_CFLAGS=''
X_EXTRA_LIBS=''
X_LIBS=''
X_PRE_LIBS=''
ac_ct_CC='/mnt/c/Users/chris/Linux/emsdk_portable/emscripten/master/emcc'
am__include='include'
am__quote=''
bindir='${exec_prefix}/bin'
build='x86_64-unknown-linux-gnu'
build_alias=''
build_cpu='x86_64'
build_os='linux-gnu'
build_vendor='unknown'
datadir='${datarootdir}'
datarootdir='${prefix}/share'
docdir='${datarootdir}/doc/${PACKAGE_TARNAME}'
dvidir='${docdir}'
exec_prefix='${prefix}'
host='x86_64-unknown-linux-gnu'
host_alias=''
host_cpu='x86_64'
host_os='linux-gnu'
host_vendor='unknown'
htmldir='${docdir}'
includedir='${prefix}/include'
infodir='${datarootdir}/info'
install_sh='/mnt/c/Users/chris/Linux/degrib/src/jpeg2000/acaux/install-sh'
libdir='${exec_prefix}/lib'
libexecdir='${exec_prefix}/libexec'
localedir='${datarootdir}/locale'
localstatedir='${prefix}/var'
mandir='${datarootdir}/man'
oldincludedir='/usr/include'
pdfdir='${docdir}'
prefix='/usr/local'
program_transform_name='s,x,x,'
psdir='${docdir}'
sbindir='${exec_prefix}/sbin'
sharedstatedir='${prefix}/com'
sysconfdir='${prefix}/etc'
target='x86_64-unknown-linux-gnu'
target_alias=''
target_cpu='x86_64'
target_os='linux-gnu'
target_vendor='unknown'

## ----------- ##
## confdefs.h. ##
## ----------- ##

/* confdefs.h */
#define PACKAGE_NAME "jasper"
#define PACKAGE_TARNAME "jasper"
#define PACKAGE_VERSION "1.700.5"
#define PACKAGE_STRING "jasper 1.700.5"
#define PACKAGE_BUGREPORT ""
#define PACKAGE_URL ""
#define PACKAGE "jasper"
#define VERSION "1.700.5"
#define JAS_VERSION "1.700.5"
#define JAS_CONFIGURE 1
#define STDC_HEADERS 1
#define HAVE_SYS_TYPES_H 1
#define HAVE_SYS_STAT_H 1
#define HAVE_STDLIB_H 1
#define HAVE_STRING_H 1
#define HAVE_MEMORY_H 1
#define HAVE_STRINGS_H 1
#define HAVE_INTTYPES_H 1
#define HAVE_STDINT_H 1
#define HAVE_UNISTD_H 1
#define HAVE_DLFCN_H 1
#define X_DISPLAY_MISSING 1
#define HAVE_VLA 1
#define HAVE_LIBM 1
#define STDC_HEADERS 1
#define HAVE_FCNTL_H 1
#define HAVE_LIMITS_H 1
#define HAVE_UNISTD_H 1
#define HAVE_STDINT_H 1
#define HAVE_STDBOOL_H 1
#define HAVE_SYS_TYPES_H 1
#define HAVE_STDLIB_H 1
#define HAVE_STDDEF_H 1
#define SIZEOF_SHORT 2
#define SIZEOF_UNSIGNED_SHORT 2
#define SIZEOF_INT 4
#define SIZEOF_UNSIGNED_INT 4
#define SIZEOF_LONG 8
#define SIZEOF_UNSIGNED_LONG 8
#define SIZEOF_LONG_LONG 8
#define SIZEOF_UNSIGNED_LONG_LONG 8
#define uchar unsigned char
#define longlong long long
#define ulonglong unsigned long long
#define HAVE_VPRINTF 1

configure: exit 0

## ---------------------- ##
## Running config.status. ##
## ---------------------- ##

This file was extended by jasper config.status 1.700.5, which was
generated by GNU Autoconf 2.69.  Invocation command line was

  CONFIG_FILES    = 
  CONFIG_HEADERS  = 
  CONFIG_LINKS    = 
  CONFIG_COMMANDS = 
  $ ./config.status Makefile

on DESKTOP-82OQ9VH

config.status:904: creating Makefile
config.status:1007: WARNING:  'Makefile.in' seems to ignore the --datarootdir setting

## ---------------------- ##
## Running config.status. ##
## ---------------------- ##

This file was extended by jasper config.status 1.700.5, which was
generated by GNU Autoconf 2.69.  Invocation command line was

  CONFIG_FILES    = 
  CONFIG_HEADERS  = 
  CONFIG_LINKS    = 
  CONFIG_COMMANDS = 
  $ ./config.status src/Makefile

on DESKTOP-82OQ9VH

config.status:904: creating src/Makefile
config.status:1007: WARNING:  'src/Makefile.in' seems to ignore the --datarootdir setting

## ---------------------- ##
## Running config.status. ##
## ---------------------- ##

This file was extended by jasper config.status 1.700.5, which was
generated by GNU Autoconf 2.69.  Invocation command line was

  CONFIG_FILES    = 
  CONFIG_HEADERS  = 
  CONFIG_LINKS    = 
  CONFIG_COMMANDS = 
  $ ./config.status src/libjasper/Makefile depfiles

on DESKTOP-82OQ9VH

config.status:904: creating src/libjasper/Makefile
config.status:1007: WARNING:  'src/libjasper/Makefile.in' seems to ignore the --datarootdir setting
config.status:1093: executing depfiles commands

## ---------------------- ##
## Running config.status. ##
## ---------------------- ##

This file was extended by jasper config.status 1.700.5, which was
generated by GNU Autoconf 2.69.  Invocation command line was

  CONFIG_FILES    = 
  CONFIG_HEADERS  = 
  CONFIG_LINKS    = 
  CONFIG_COMMANDS = 
  $ ./config.status src/libjasper/include/Makefile

on DESKTOP-82OQ9VH

config.status:904: creating src/libjasper/include/Makefile
config.status:1007: WARNING:  'src/libjasper/include/Makefile.in' seems to ignore the --datarootdir setting

## ---------------------- ##
## Running config.status. ##
## ---------------------- ##

This file was extended by jasper config.status 1.700.5, which was
generated by GNU Autoconf 2.69.  Invocation command line was

  CONFIG_FILES    = 
  CONFIG_HEADERS  = 
  CONFIG_LINKS    = 
  CONFIG_COMMANDS = 
  $ ./config.status src/libjasper/include/jasper/Makefile

on DESKTOP-82OQ9VH

config.status:904: creating src/libjasper/include/jasper/Makefile
config.status:1007: WARNING:  'src/libjasper/include/jasper/Makefile.in' seems to ignore the --datarootdir setting

## ---------------------- ##
## Running config.status. ##
## ---------------------- ##

This file was extended by jasper config.status 1.700.5, which was
generated by GNU Autoconf 2.69.  Invocation command line was

  CONFIG_FILES    = 
  CONFIG_HEADERS  = 
  CONFIG_LINKS    = 
  CONFIG_COMMANDS = 
  $ ./config.status src/libjasper/include/jasper/jas_config.h

on DESKTOP-82OQ9VH

config.status:904: creating src/libjasper/include/jasper/jas_config.h
config.status:1079: src/libjasper/include/jasper/jas_config.h is unchanged

## ---------------------- ##
## Running config.status. ##
## ---------------------- ##

This file was extended by jasper config.status 1.700.5, which was
generated by GNU Autoconf 2.69.  Invocation command line was

  CONFIG_FILES    = 
  CONFIG_HEADERS  = 
  CONFIG_LINKS    = 
  CONFIG_COMMANDS = 
  $ ./config.status src/libjasper/base/Makefile depfiles

on DESKTOP-82OQ9VH

config.status:904: creating src/libjasper/base/Makefile
config.status:1007: WARNING:  'src/libjasper/base/Makefile.in' seems to ignore the --datarootdir setting
config.status:1093: executing depfiles commands

## ---------------------- ##
## Running config.status. ##
## ---------------------- ##

This file was extended by jasper config.status 1.700.5, which was
generated by GNU Autoconf 2.69.  Invocation command line was

  CONFIG_FILES    = 
  CONFIG_HEADERS  = 
  CONFIG_LINKS    = 
  CONFIG_COMMANDS = 
  $ ./config.status src/libjasper/jpc/Makefile depfiles

on DESKTOP-82OQ9VH

config.status:904: creating src/libjasper/jpc/Makefile
config.status:1007: WARNING:  'src/libjasper/jpc/Makefile.in' seems to ignore the --datarootdir setting
config.status:1093: executing depfiles commands
