This file contains any messages produced by compilers while
running configure, to aid debugging if configure makes a mistake.

It was created by degrib configure 2.07, which was
generated by GNU Autoconf 2.69.  Invocation command line was

  $ ./configure 

## --------- ##
## Platform. ##
## --------- ##

hostname = DESKTOP-82OQ9VH
uname -m = x86_64
uname -r = 3.4.0+
uname -s = Linux
uname -v = #1 PREEMPT Thu Aug 1 17:06:05 CST 2013

/usr/bin/uname -p = unknown
/bin/uname -X     = unknown

/bin/arch              = unknown
/usr/bin/arch -k       = unknown
/usr/convex/getsysinfo = unknown
/usr/bin/hostinfo      = unknown
/bin/machine           = unknown
/usr/bin/oslevel       = unknown
/bin/universe          = unknown

PATH: /mnt/c/Users/chris/Linux/emsdk_portable/emscripten/master/system/bin
PATH: /mnt/c/Users/chris/Linux/emsdk_portable
PATH: /mnt/c/Users/chris/Linux/emsdk_portable/clang/fastcomp/build_master_64/bin
PATH: /mnt/c/Users/chris/Linux/emsdk_portable/node/4.1.1_64bit/bin
PATH: /mnt/c/Users/chris/Linux/emsdk_portable/emscripten/master
PATH: /usr/local/bin
PATH: /usr/bin
PATH: /bin
PATH: /usr/local/games
PATH: /usr/games


## ----------- ##
## Core tests. ##
## ----------- ##

configure:2328: checking build system type
configure:2342: result: x86_64-unknown-linux-gnu
configure:2362: checking host system type
configure:2375: result: x86_64-unknown-linux-gnu
configure:2445: checking for gcc
configure:2472: result: /mnt/c/Users/chris/Linux/emsdk_portable/emscripten/master/emcc
configure:2701: checking for C compiler version
configure:2710: /mnt/c/Users/chris/Linux/emsdk_portable/emscripten/master/emcc --version >&5
emcc (Emscripten gcc/clang-like replacement) 1.37.0 (commit 6dc4ac5f9e4d8484e273e4dcc554f809738cedd6)
Copyright (C) 2014 the Emscripten authors (see AUTHORS.txt)
This is free and open source software under the MIT license.
There is NO warranty; not even for MERCHANTABILITY or FITNESS FOR A PARTICULAR PURPOSE.
  
configure:2721: $? = 0
configure:2710: /mnt/c/Users/chris/Linux/emsdk_portable/emscripten/master/emcc -v >&5
emcc (Emscripten gcc/clang-like replacement + linker emulating GNU ld) 1.37.0
INFO:root:(Emscripten: Running sanity checks)
WARNING:root:java does not seem to exist, required for closure compiler, which is optional (define JAVA in /home/czenzel/.emscripten if you want it)
WARNING:root:closure compiler will not be available
clang version 3.9.0 (https://github.com/kripken/emscripten-fastcomp-clang/ 60a7e9a9c22b67309e5b1258d38fadfa481a25d3) (https://github.com/kripken/emscripten-fastcomp/ 881bd352731d21c7117ad7e2ece347aacae83965) (emscripten 1.37.0 : 1.37.0)
Target: x86_64-unknown-linux-gnu
Thread model: posix
InstalledDir: /mnt/c/Users/chris/Linux/emsdk_portable/clang/fastcomp/build_master_64/bin
Found candidate GCC installation: /usr/lib/gcc/x86_64-linux-gnu/4.8
Found candidate GCC installation: /usr/lib/gcc/x86_64-linux-gnu/4.8.4
Found candidate GCC installation: /usr/lib/gcc/x86_64-linux-gnu/4.9
... rest of stderr output deleted ...
configure:2721: $? = 0
configure:2710: /mnt/c/Users/chris/Linux/emsdk_portable/emscripten/master/emcc -V >&5
ERROR:root:no input files
note that input files without a known suffix are ignored, make sure your input files end with one of: ('.c', '.C', '.i', '.cpp', '.cxx', '.cc', '.c++', '.CPP', '.CXX', '.CC', '.C++', '.ii', '.m', '.mi', '.mm', '.mii', '/dev/null', '.bc', '.o', '.obj', '.lo', '.dylib', '.so', '.a', '.ll', '.h', '.hxx', '.hpp', '.hh', '.H', '.HXX', '.HPP', '.HH')
configure:2721: $? = 1
configure:2710: /mnt/c/Users/chris/Linux/emsdk_portable/emscripten/master/emcc -qversion >&5
ERROR:root:no input files
note that input files without a known suffix are ignored, make sure your input files end with one of: ('.c', '.C', '.i', '.cpp', '.cxx', '.cc', '.c++', '.CPP', '.CXX', '.CC', '.C++', '.ii', '.m', '.mi', '.mm', '.mii', '/dev/null', '.bc', '.o', '.obj', '.lo', '.dylib', '.so', '.a', '.ll', '.h', '.hxx', '.hpp', '.hh', '.H', '.HXX', '.HPP', '.HH')
configure:2721: $? = 1
configure:2741: checking whether the C compiler works
configure:2763: /mnt/c/Users/chris/Linux/emsdk_portable/emscripten/master/emcc    conftest.c  >&5
INFO:root:generating system library: libc.bc... (this will be cached in "/home/czenzel/.emscripten_cache/asmjs/libc.bc" for subsequent builds)
INFO:root: - ok
INFO:root:generating system library: dlmalloc.bc... (this will be cached in "/home/czenzel/.emscripten_cache/asmjs/dlmalloc.bc" for subsequent builds)
INFO:root: - ok
configure:2767: $? = 0
configure:2815: result: yes
configure:2818: checking for C compiler default output file name
configure:2820: result: a.out
configure:2826: checking for suffix of executables
configure:2833: /mnt/c/Users/chris/Linux/emsdk_portable/emscripten/master/emcc -o conftest    conftest.c  >&5
configure:2837: $? = 0
configure:2859: result: 
configure:2881: checking whether we are cross compiling
configure:2889: /mnt/c/Users/chris/Linux/emsdk_portable/emscripten/master/emcc -o conftest    conftest.c  >&5
configure:2893: $? = 0
configure:2900: ./conftest
configure:2904: $? = 0
configure:2919: result: no
configure:2924: checking for suffix of object files
configure:2946: /mnt/c/Users/chris/Linux/emsdk_portable/emscripten/master/emcc -c   conftest.c >&5
configure:2950: $? = 0
configure:2971: result: o
configure:2975: checking whether we are using the GNU C compiler
configure:2994: /mnt/c/Users/chris/Linux/emsdk_portable/emscripten/master/emcc -c   conftest.c >&5
configure:2994: $? = 0
configure:3003: result: yes
configure:3012: checking whether /mnt/c/Users/chris/Linux/emsdk_portable/emscripten/master/emcc accepts -g
configure:3032: /mnt/c/Users/chris/Linux/emsdk_portable/emscripten/master/emcc -c -g  conftest.c >&5
configure:3032: $? = 0
configure:3073: result: yes
configure:3090: checking for /mnt/c/Users/chris/Linux/emsdk_portable/emscripten/master/emcc option to accept ISO C89
configure:3153: /mnt/c/Users/chris/Linux/emsdk_portable/emscripten/master/emcc  -c   conftest.c >&5
configure:3153: $? = 0
configure:3166: result: none needed
configure:3200: checking for a BSD-compatible install
configure:3268: result: /usr/bin/install -c
configure:3322: checking for ranlib
configure:3349: result: /mnt/c/Users/chris/Linux/emsdk_portable/emscripten/master/emranlib
configure:3373: checking for ar
configure:3401: result: /mnt/c/Users/chris/Linux/emsdk_portable/emscripten/master/emar
configure:3409: checking whether make sets $(MAKE)
configure:3431: result: yes
configure:3449: checking how to run the C preprocessor
configure:3480: /mnt/c/Users/chris/Linux/emsdk_portable/emscripten/master/emcc -E  conftest.c
configure:3480: $? = 0
configure:3494: /mnt/c/Users/chris/Linux/emsdk_portable/emscripten/master/emcc -E  conftest.c
conftest.c:9:10: fatal error: 'ac_nonexistent.h' file not found
#include <ac_nonexistent.h>
         ^
1 error generated.
configure:3494: $? = 1
configure: failed program was:
| /* confdefs.h */
| #define PACKAGE_NAME "degrib"
| #define PACKAGE_TARNAME "degrib"
| #define PACKAGE_VERSION "2.07"
| #define PACKAGE_STRING "degrib 2.07"
| #define PACKAGE_BUGREPORT "arthur.taylor@noaa.gov"
| #define PACKAGE_URL ""
| /* end confdefs.h.  */
| #include <ac_nonexistent.h>
configure:3519: result: /mnt/c/Users/chris/Linux/emsdk_portable/emscripten/master/emcc -E
configure:3539: /mnt/c/Users/chris/Linux/emsdk_portable/emscripten/master/emcc -E  conftest.c
configure:3539: $? = 0
configure:3553: /mnt/c/Users/chris/Linux/emsdk_portable/emscripten/master/emcc -E  conftest.c
conftest.c:9:10: fatal error: 'ac_nonexistent.h' file not found
#include <ac_nonexistent.h>
         ^
1 error generated.
configure:3553: $? = 1
configure: failed program was:
| /* confdefs.h */
| #define PACKAGE_NAME "degrib"
| #define PACKAGE_TARNAME "degrib"
| #define PACKAGE_VERSION "2.07"
| #define PACKAGE_STRING "degrib 2.07"
| #define PACKAGE_BUGREPORT "arthur.taylor@noaa.gov"
| #define PACKAGE_URL ""
| /* end confdefs.h.  */
| #include <ac_nonexistent.h>
configure:3582: checking for grep that handles long lines and -e
configure:3640: result: /bin/grep
configure:3645: checking for egrep
configure:3707: result: /bin/grep -E
configure:3712: checking for ANSI C header files
configure:3732: /mnt/c/Users/chris/Linux/emsdk_portable/emscripten/master/emcc -c   conftest.c >&5
configure:3732: $? = 0
configure:3805: /mnt/c/Users/chris/Linux/emsdk_portable/emscripten/master/emcc -o conftest    conftest.c  >&5
configure:3805: $? = 0
configure:3805: ./conftest
configure:3805: $? = 0
configure:3816: result: yes
configure:3829: checking for sys/types.h
configure:3829: /mnt/c/Users/chris/Linux/emsdk_portable/emscripten/master/emcc -c   conftest.c >&5
configure:3829: $? = 0
configure:3829: result: yes
configure:3829: checking for sys/stat.h
configure:3829: /mnt/c/Users/chris/Linux/emsdk_portable/emscripten/master/emcc -c   conftest.c >&5
configure:3829: $? = 0
configure:3829: result: yes
configure:3829: checking for stdlib.h
configure:3829: /mnt/c/Users/chris/Linux/emsdk_portable/emscripten/master/emcc -c   conftest.c >&5
configure:3829: $? = 0
configure:3829: result: yes
configure:3829: checking for string.h
configure:3829: /mnt/c/Users/chris/Linux/emsdk_portable/emscripten/master/emcc -c   conftest.c >&5
configure:3829: $? = 0
configure:3829: result: yes
configure:3829: checking for memory.h
configure:3829: /mnt/c/Users/chris/Linux/emsdk_portable/emscripten/master/emcc -c   conftest.c >&5
configure:3829: $? = 0
configure:3829: result: yes
configure:3829: checking for strings.h
configure:3829: /mnt/c/Users/chris/Linux/emsdk_portable/emscripten/master/emcc -c   conftest.c >&5
configure:3829: $? = 0
configure:3829: result: yes
configure:3829: checking for inttypes.h
configure:3829: /mnt/c/Users/chris/Linux/emsdk_portable/emscripten/master/emcc -c   conftest.c >&5
configure:3829: $? = 0
configure:3829: result: yes
configure:3829: checking for stdint.h
configure:3829: /mnt/c/Users/chris/Linux/emsdk_portable/emscripten/master/emcc -c   conftest.c >&5
configure:3829: $? = 0
configure:3829: result: yes
configure:3829: checking for unistd.h
configure:3829: /mnt/c/Users/chris/Linux/emsdk_portable/emscripten/master/emcc -c   conftest.c >&5
configure:3829: $? = 0
configure:3829: result: yes
configure:3842: checking whether byte ordering is bigendian
configure:3857: /mnt/c/Users/chris/Linux/emsdk_portable/emscripten/master/emcc -c   conftest.c >&5
conftest.c:20:9: error: unknown type name 'not'
               not a universal capable compiler
               ^
conftest.c:20:14: error: expected ';' after top level declarator
               not a universal capable compiler
                    ^
                    ;
2 errors generated.
ERROR:root:compiler frontend failed to generate LLVM bitcode, halting
configure:3857: $? = 1
configure: failed program was:
| /* confdefs.h */
| #define PACKAGE_NAME "degrib"
| #define PACKAGE_TARNAME "degrib"
| #define PACKAGE_VERSION "2.07"
| #define PACKAGE_STRING "degrib 2.07"
| #define PACKAGE_BUGREPORT "arthur.taylor@noaa.gov"
| #define PACKAGE_URL ""
| #define STDC_HEADERS 1
| #define HAVE_SYS_TYPES_H 1
| #define HAVE_SYS_STAT_H 1
| #define HAVE_STDLIB_H 1
| #define HAVE_STRING_H 1
| #define HAVE_MEMORY_H 1
| #define HAVE_STRINGS_H 1
| #define HAVE_INTTYPES_H 1
| #define HAVE_STDINT_H 1
| #define HAVE_UNISTD_H 1
| /* end confdefs.h.  */
| #ifndef __APPLE_CC__
| 	       not a universal capable compiler
| 	     #endif
| 	     typedef int dummy;
| 
configure:3902: /mnt/c/Users/chris/Linux/emsdk_portable/emscripten/master/emcc -c   conftest.c >&5
configure:3902: $? = 0
configure:3920: /mnt/c/Users/chris/Linux/emsdk_portable/emscripten/master/emcc -c   conftest.c >&5
conftest.c:26:4: error: use of undeclared identifier 'not'
                 not big endian
                 ^
1 error generated.
ERROR:root:compiler frontend failed to generate LLVM bitcode, halting
configure:3920: $? = 1
configure: failed program was:
| /* confdefs.h */
| #define PACKAGE_NAME "degrib"
| #define PACKAGE_TARNAME "degrib"
| #define PACKAGE_VERSION "2.07"
| #define PACKAGE_STRING "degrib 2.07"
| #define PACKAGE_BUGREPORT "arthur.taylor@noaa.gov"
| #define PACKAGE_URL ""
| #define STDC_HEADERS 1
| #define HAVE_SYS_TYPES_H 1
| #define HAVE_SYS_STAT_H 1
| #define HAVE_STDLIB_H 1
| #define HAVE_STRING_H 1
| #define HAVE_MEMORY_H 1
| #define HAVE_STRINGS_H 1
| #define HAVE_INTTYPES_H 1
| #define HAVE_STDINT_H 1
| #define HAVE_UNISTD_H 1
| /* end confdefs.h.  */
| #include <sys/types.h>
| 		#include <sys/param.h>
| 
| int
| main ()
| {
| #if BYTE_ORDER != BIG_ENDIAN
| 		 not big endian
| 		#endif
| 
|   ;
|   return 0;
| }
configure:4048: result: no
configure:4130: checking size of long int
configure:4135: /mnt/c/Users/chris/Linux/emsdk_portable/emscripten/master/emcc -o conftest    conftest.c  >&5
configure:4135: $? = 0
configure:4135: ./conftest
configure:4135: $? = 0
configure:4149: result: 8
configure:4274: checking for strip
configure:4292: found /usr/bin/strip
configure:4305: result: /usr/bin/strip
configure:4392: checking for X
configure:4500: /mnt/c/Users/chris/Linux/emsdk_portable/emscripten/master/emcc -E  conftest.c
configure:4500: $? = 0
configure:4531: /mnt/c/Users/chris/Linux/emsdk_portable/emscripten/master/emcc -o conftest  -Wall -fsigned-char   conftest.c -lX11  >&5
error: unresolved symbol: XrmInitialize
Aborting compilation due to previous errors | undefined
Traceback (most recent call last):
  File "/mnt/c/Users/chris/Linux/emsdk_portable/emscripten/master/emcc", line 13, in <module>
    emcc.run()
  File "/mnt/c/Users/chris/Linux/emsdk_portable/emscripten/master/emcc.py", line 1620, in run
    final = shared.Building.emscripten(final, append_ext=False, extra_args=extra_args)
  File "/mnt/c/Users/chris/Linux/emsdk_portable/emscripten/master/tools/shared.py", line 1745, in emscripten
    call_emscripten(cmdline)
  File "/mnt/c/Users/chris/Linux/emsdk_portable/emscripten/master/emscripten.py", line 1783, in _main
    temp_files.run_and_clean(lambda: main(
  File "/mnt/c/Users/chris/Linux/emsdk_portable/emscripten/master/tools/tempfiles.py", line 78, in run_and_clean
    return func()
  File "/mnt/c/Users/chris/Linux/emsdk_portable/emscripten/master/emscripten.py", line 1788, in <lambda>
    DEBUG=DEBUG,
  File "/mnt/c/Users/chris/Linux/emsdk_portable/emscripten/master/emscripten.py", line 1689, in main
    temp_files=temp_files, DEBUG=DEBUG)
  File "/mnt/c/Users/chris/Linux/emsdk_portable/emscripten/master/emscripten.py", line 93, in emscript
    glue, forwarded_data = compiler_glue(metadata, settings, libraries, compiler_engine, temp_files, DEBUG)
  File "/mnt/c/Users/chris/Linux/emsdk_portable/emscripten/master/emscripten.py", line 293, in compiler_glue
    cwd=path_from_root('src'), error_limit=300)
  File "/mnt/c/Users/chris/Linux/emsdk_portable/emscripten/master/tools/jsrun.py", line 122, in run_js
    raise Exception('Expected the command ' + str(command) + ' to finish with return code ' + str(assert_returncode) + ', but it returned with code ' + str(proc.returncode) + ' instead! Output: ' + str(ret)[:error_limit])
Exception: Expected the command ['/mnt/c/Users/chris/Linux/emsdk_portable/node/4.1.1_64bit/bin/node', '/mnt/c/Users/chris/Linux/emsdk_portable/emscripten/master/src/compiler.js', '/tmp/tmptrzvDC.txt', '/mnt/c/Users/chris/Linux/emsdk_portable/emscripten/master/src/library_pthread_stub.js'] to finish with return code 0, but it returned with code 1 instead! Output: // The Module object: Our interface to the outside world. We import
// and export values on it, and do the work to get that through
// closure compiler if necessary. There are various ways Module can be used:
// 1. Not defined. We create it here
// 2. A function parameter, function(Module) { ..gener
configure:4531: $? = 1
configure: failed program was:
| /* confdefs.h */
| #define PACKAGE_NAME "degrib"
| #define PACKAGE_TARNAME "degrib"
| #define PACKAGE_VERSION "2.07"
| #define PACKAGE_STRING "degrib 2.07"
| #define PACKAGE_BUGREPORT "arthur.taylor@noaa.gov"
| #define PACKAGE_URL ""
| #define STDC_HEADERS 1
| #define HAVE_SYS_TYPES_H 1
| #define HAVE_SYS_STAT_H 1
| #define HAVE_STDLIB_H 1
| #define HAVE_STRING_H 1
| #define HAVE_MEMORY_H 1
| #define HAVE_STRINGS_H 1
| #define HAVE_INTTYPES_H 1
| #define HAVE_STDINT_H 1
| #define HAVE_UNISTD_H 1
| #define SIZEOF_LONG_INT 8
| /* end confdefs.h.  */
| #include <X11/Xlib.h>
| int
| main ()
| {
| XrmInitialize ()
|   ;
|   return 0;
| }
configure:4570: result: no
configure:5104: checking Tcl/Tk directories
configure:5108: checking for tclsh
configure:5140: result: not_found
configure:5150: checking for wish
configure:5182: result: not_found
configure:5252: result:  TCL_PREFIX = not_found, TK_PREFIX = not_found
configure:5254: checking Tcl/Tk Libraries
configure:5379: result: TCL_LIB = "-L -lnot_found", TK_LIBS = "-L -lnot_found -lnot_found"
configure:5446: checking Tcl/Tk version
configure:5454: result: not_found
configure:5718: creating ./config.status

## ---------------------- ##
## Running config.status. ##
## ---------------------- ##

This file was extended by degrib config.status 2.07, which was
generated by GNU Autoconf 2.69.  Invocation command line was

  CONFIG_FILES    = 
  CONFIG_HEADERS  = 
  CONFIG_LINKS    = 
  CONFIG_COMMANDS = 
  $ ./config.status 

on DESKTOP-82OQ9VH

config.status:870: creating Makefile
config.status:870: creating zlib/Makefile
config.status:870: creating zlib/contrib/minizip/Makefile
config.status:870: creating libpng/Makefile
config.status:870: creating libaat/Makefile
config.status:870: creating mdl_g2c/Makefile
config.status:870: creating gd/Makefile
config.status:870: creating degrib/Makefile
config.status:870: creating xyz2shp/Makefile
config.status:870: creating gd/config.h

## ---------------- ##
## Cache variables. ##
## ---------------- ##

ac_cv_build=x86_64-unknown-linux-gnu
ac_cv_c_bigendian=no
ac_cv_c_compiler_gnu=yes
ac_cv_env_CC_set=set
ac_cv_env_CC_value=/mnt/c/Users/chris/Linux/emsdk_portable/emscripten/master/emcc
ac_cv_env_CFLAGS_set=set
ac_cv_env_CFLAGS_value=
ac_cv_env_CPPFLAGS_set=
ac_cv_env_CPPFLAGS_value=
ac_cv_env_CPP_set=
ac_cv_env_CPP_value=
ac_cv_env_LDFLAGS_set=
ac_cv_env_LDFLAGS_value=
ac_cv_env_LIBS_set=
ac_cv_env_LIBS_value=
ac_cv_env_TCL_PREFIX_set=
ac_cv_env_TCL_PREFIX_value=
ac_cv_env_TCL_VERSION_set=
ac_cv_env_TCL_VERSION_value=
ac_cv_env_TK_PREFIX_set=
ac_cv_env_TK_PREFIX_value=
ac_cv_env_XMKMF_set=
ac_cv_env_XMKMF_value=
ac_cv_env_build_alias_set=
ac_cv_env_build_alias_value=
ac_cv_env_host_alias_set=
ac_cv_env_host_alias_value=
ac_cv_env_target_alias_set=
ac_cv_env_target_alias_value=
ac_cv_have_x=have_x=no
ac_cv_header_inttypes_h=yes
ac_cv_header_memory_h=yes
ac_cv_header_stdc=yes
ac_cv_header_stdint_h=yes
ac_cv_header_stdlib_h=yes
ac_cv_header_string_h=yes
ac_cv_header_strings_h=yes
ac_cv_header_sys_stat_h=yes
ac_cv_header_sys_types_h=yes
ac_cv_header_unistd_h=yes
ac_cv_host=x86_64-unknown-linux-gnu
ac_cv_objext=o
ac_cv_path_EGREP='/bin/grep -E'
ac_cv_path_GREP=/bin/grep
ac_cv_path_STRIP=/usr/bin/strip
ac_cv_path_TCL_BINARY=not_found
ac_cv_path_TK_BINARY=not_found
ac_cv_path_install='/usr/bin/install -c'
ac_cv_prog_AR=/mnt/c/Users/chris/Linux/emsdk_portable/emscripten/master/emar
ac_cv_prog_CPP='/mnt/c/Users/chris/Linux/emsdk_portable/emscripten/master/emcc -E'
ac_cv_prog_ac_ct_CC=/mnt/c/Users/chris/Linux/emsdk_portable/emscripten/master/emcc
ac_cv_prog_ac_ct_RANLIB=/mnt/c/Users/chris/Linux/emsdk_portable/emscripten/master/emranlib
ac_cv_prog_cc_c89=
ac_cv_prog_cc_g=yes
ac_cv_prog_make_make_set=yes
ac_cv_sizeof_long_int=8

## ----------------- ##
## Output variables. ##
## ----------------- ##

ANSIFLAG='-pedantic'
AR='/mnt/c/Users/chris/Linux/emsdk_portable/emscripten/master/emar'
ARFLAGS=''
C99FLAG='-pedantic'
CC='/mnt/c/Users/chris/Linux/emsdk_portable/emscripten/master/emcc'
CFLAGS=' -Wall -fsigned-char'
CPP='/mnt/c/Users/chris/Linux/emsdk_portable/emscripten/master/emcc -E'
CPPFLAGS=''
DBAD_TCLSSH=''
DDEBUG=''
DEFS='-DHAVE_CONFIG_H'
DLLEXT='.so'
DLLFLAGS='-shared'
DSIZEOF_LONG_INT='-DSIZEOF_LONG_INT=8'
DWINDOWS='-D_LINUX_'
DWORDS_BIGENDIAN=''
DYNAMIC_LIB='-ldl'
ECHO_C=''
ECHO_N='-n'
ECHO_T=''
EGREP='/bin/grep -E'
EXEEXT=''
GREP='/bin/grep'
HALO_DEF=''
HALO_LIBDEP=''
HALO_STDINC=''
HALO_STDLIB=''
INSTALL_DATA='${INSTALL} -m 644'
INSTALL_PROGRAM='${INSTALL}'
INSTALL_SCRIPT='${INSTALL}'
JPEG2000_LIBTOOL_FIX=''
JPEG2000_PATH='../jpeg2000/src/libjasper/include'
LDFLAGS=''
LD_FLAGS=''
LIBAAT_PATH='../libaat'
LIBOBJS=''
LIBPNG_PATH='../libpng'
LIBS=''
LTLIBOBJS=''
MEM_CLEAN=''
MEM_DEF=''
MEM_LIBDEP=''
MEM_NAME=''
MEM_STDINC=''
MEM_STDLIB=''
MINIZIP32=''
OBJECT_MODE=''
OBJEXT='o'
PACKAGE_BUGREPORT='arthur.taylor@noaa.gov'
PACKAGE_DATE='20160824'
PACKAGE_NAME='degrib'
PACKAGE_STRING='degrib 2.07'
PACKAGE_TARNAME='degrib'
PACKAGE_URL=''
PACKAGE_VERSION='2.07'
PATH_SEPARATOR=':'
PNGDEBUG=''
RANLIB='/mnt/c/Users/chris/Linux/emsdk_portable/emscripten/master/emranlib'
SET_MAKE=''
SHELL='/bin/bash'
STRIP='/usr/bin/strip'
STRIP_FLAGS='-s'
TCL_BINARY='not_found'
TCL_LDFLAGS=''
TCL_LIBS='-L -lnot_found'
TCL_PREFIX='not_found'
TCL_VERSION='not_found'
TK_BINARY='not_found'
TK_LDFLAGS=''
TK_LIBS='-L -lnot_found -lnot_found'
TK_PREFIX='not_found'
XMKMF=''
X_CFLAGS=''
X_EXTRA_LIBS=''
X_LIBS=''
X_PRE_LIBS=''
ZLIB_DEBUG=''
ZLIB_PATH='../zlib'
ac_ct_CC='/mnt/c/Users/chris/Linux/emsdk_portable/emscripten/master/emcc'
bindir='${exec_prefix}/bin'
build='x86_64-unknown-linux-gnu'
build_alias=''
build_cpu='x86_64'
build_os='linux-gnu'
build_vendor='unknown'
datadir='${datarootdir}'
datarootdir='${prefix}/share'
docdir='${datarootdir}/doc/${PACKAGE_TARNAME}'
dvidir='${docdir}'
exec_prefix='${prefix}'
host='x86_64-unknown-linux-gnu'
host_alias=''
host_cpu='x86_64'
host_os='linux-gnu'
host_vendor='unknown'
htmldir='${docdir}'
includedir='${prefix}/include'
infodir='${datarootdir}/info'
libdir='${exec_prefix}/lib'
libexecdir='${exec_prefix}/libexec'
localedir='${datarootdir}/locale'
localstatedir='${prefix}/var'
mandir='${datarootdir}/man'
oldincludedir='/usr/include'
pdfdir='${docdir}'
prefix='/usr/local'
program_transform_name='s,x,x,'
psdir='${docdir}'
sbindir='${exec_prefix}/sbin'
sharedstatedir='${prefix}/com'
sysconfdir='${prefix}/etc'
target_alias=''

## ----------- ##
## confdefs.h. ##
## ----------- ##

/* confdefs.h */
#define PACKAGE_NAME "degrib"
#define PACKAGE_TARNAME "degrib"
#define PACKAGE_VERSION "2.07"
#define PACKAGE_STRING "degrib 2.07"
#define PACKAGE_BUGREPORT "arthur.taylor@noaa.gov"
#define PACKAGE_URL ""
#define STDC_HEADERS 1
#define HAVE_SYS_TYPES_H 1
#define HAVE_SYS_STAT_H 1
#define HAVE_STDLIB_H 1
#define HAVE_STRING_H 1
#define HAVE_MEMORY_H 1
#define HAVE_STRINGS_H 1
#define HAVE_INTTYPES_H 1
#define HAVE_STDINT_H 1
#define HAVE_UNISTD_H 1
#define SIZEOF_LONG_INT 8
#define X_DISPLAY_MISSING 1

configure: exit 0
